{"logTime": "0505/164742", "correlationVector":"8uJe93E0pFG6gUuR/gjXoO.10","action":"GetUpdates", "result":"DeleteReceived", "context":{"id":"0c8b2641-3e2f-4c58-b454-9bf35a54a9a5", "isDeleted:":"true", "version":"1683029584446"}}
{"logTime": "0505/164742", "correlationVector":"8uJe93E0pFG6gUuR/gjXoO.11","action":"GetUpdates", "result":"DeleteReceived", "context":{"id":"7a5d5c11-5cdf-4551-a7ea-678bee998503", "isDeleted:":"true", "version":"1683029763756"}}
{"logTime": "0505/164742", "correlationVector":"8uJe93E0pFG6gUuR/gjXoO.12","action":"GetUpdates", "result":"DeleteReceived", "context":{"id":"c31f3731-07d4-47cb-bb88-ad36a59eccfa", "isDeleted:":"true", "version":"1683029807530"}}
{"logTime": "0505/164742", "correlationVector":"8uJe93E0pFG6gUuR/gjXoO.13","action":"GetUpdates", "result":"DeleteReceived", "context":{"id":"489d7826-c71e-40c1-a40c-53c90fffb633", "isDeleted:":"true", "version":"1683030284219"}}
{"logTime": "0505/164742", "correlationVector":"8uJe93E0pFG6gUuR/gjXoO.14","action":"GetUpdates", "result":"DeleteReceived", "context":{"id":"7a95fe9e-4898-4c13-91bb-4da50503817e", "isDeleted:":"true", "version":"1683030421058"}}
{"logTime": "0505/164742", "correlationVector":"8uJe93E0pFG6gUuR/gjXoO.15","action":"GetUpdates", "result":"DeleteReceived", "context":{"id":"035a1d76-92ab-44bf-badc-75c14665bd8a", "isDeleted:":"true", "version":"1683030511433"}}
{"logTime": "0505/164742", "correlationVector":"8uJe93E0pFG6gUuR/gjXoO.16","action":"GetUpdates", "result":"DeleteReceived", "context":{"id":"ee55c0d7-778b-4aa1-a18f-5354c8da14fa", "isDeleted:":"true", "version":"1683030513666"}}
{"logTime": "0505/164742", "correlationVector":"8uJe93E0pFG6gUuR/gjXoO.17","action":"GetUpdates", "result":"DeleteReceived", "context":{"id":"e3ac88e7-fb0f-43d5-80bd-20fb619cdf62", "isDeleted:":"true", "version":"1683030513667"}}
{"logTime": "0505/164742", "correlationVector":"8uJe93E0pFG6gUuR/gjXoO.18","action":"GetUpdates", "result":"DeleteReceived", "context":{"id":"a0ad48e3-3acd-4130-95b5-f168bf09da70", "isDeleted:":"true", "version":"1683030828977"}}
{"logTime": "0505/164742", "correlationVector":"8uJe93E0pFG6gUuR/gjXoO.19","action":"GetUpdates", "result":"DeleteReceived", "context":{"id":"70b69553-3e9a-4478-bcfd-5feabb0e589b", "isDeleted:":"true", "version":"1683030867184"}}
{"logTime": "0505/164742", "correlationVector":"8uJe93E0pFG6gUuR/gjXoO.20","action":"GetUpdates", "result":"DeleteReceived", "context":{"id":"b697da5d-fc99-4462-9b7e-6b74c67c6c14", "isDeleted:":"true", "version":"1683030872547"}}
{"logTime": "0505/164742", "correlationVector":"8uJe93E0pFG6gUuR/gjXoO.21","action":"GetUpdates", "result":"DeleteReceived", "context":{"id":"dcf69429-f046-4db0-8029-b6d36d1932d2", "isDeleted:":"true", "version":"1683031237781"}}
{"logTime": "0505/164742", "correlationVector":"8uJe93E0pFG6gUuR/gjXoO.22","action":"GetUpdates", "result":"DeleteReceived", "context":{"id":"8bc3cec9-d4eb-4922-8c68-54f41d83c133", "isDeleted:":"true", "version":"1683031872774"}}
{"logTime": "0505/164742", "correlationVector":"8uJe93E0pFG6gUuR/gjXoO.23","action":"GetUpdates", "result":"DeleteReceived", "context":{"id":"f5c0366e-1838-41f2-bc25-6938e05ea642", "isDeleted:":"true", "version":"1683032035527"}}
{"logTime": "0505/164742", "correlationVector":"8uJe93E0pFG6gUuR/gjXoO.24","action":"GetUpdates", "result":"DeleteReceived", "context":{"id":"9b8fd5fd-7f65-4016-b848-eecd5995fa6b", "isDeleted:":"true", "version":"1683033050260"}}
{"logTime": "0505/164742", "correlationVector":"8uJe93E0pFG6gUuR/gjXoO.25","action":"GetUpdates", "result":"DeleteReceived", "context":{"id":"cdf6e34e-6ff9-4039-9be7-071e5858ca42", "isDeleted:":"true", "version":"1683035824805"}}
{"logTime": "0505/164742", "correlationVector":"8uJe93E0pFG6gUuR/gjXoO.26","action":"GetUpdates", "result":"DeleteReceived", "context":{"id":"7f9023d2-908c-4d5b-9f36-0c9b806d478b", "isDeleted:":"true", "version":"1683045405988"}}
{"logTime": "0505/164742", "correlationVector":"8uJe93E0pFG6gUuR/gjXoO.27","action":"GetUpdates", "result":"DeleteReceived", "context":{"id":"09ad8bfa-c12e-4500-bbec-735d03a63d4e", "isDeleted:":"true", "version":"1683046581264"}}
{"logTime": "0505/164742", "correlationVector":"8uJe93E0pFG6gUuR/gjXoO.28","action":"GetUpdates", "result":"DeleteReceived", "context":{"id":"4e42e6c0-8ee4-4de5-a798-65ea31bc98fd", "isDeleted:":"true", "version":"1683046991139"}}
{"logTime": "0505/164742", "correlationVector":"8uJe93E0pFG6gUuR/gjXoO.29","action":"GetUpdates", "result":"DeleteReceived", "context":{"id":"0f6f19d8-7335-4194-97d4-1e81574e199b", "isDeleted:":"true", "version":"1683047502414"}}
{"logTime": "0505/164742", "correlationVector":"8uJe93E0pFG6gUuR/gjXoO.30","action":"GetUpdates", "result":"DeleteReceived", "context":{"id":"53a695e8-49f0-47c1-bf10-c4833e7cb005", "isDeleted:":"true", "version":"1683050189522"}}
{"logTime": "0505/164742", "correlationVector":"8uJe93E0pFG6gUuR/gjXoO.31","action":"GetUpdates", "result":"DeleteReceived", "context":{"id":"44cad804-f427-46ad-8b3e-d3083a57d86c", "isDeleted:":"true", "version":"1683051044647"}}
{"logTime": "0505/164742", "correlationVector":"8uJe93E0pFG6gUuR/gjXoO.32","action":"GetUpdates", "result":"DeleteReceived", "context":{"id":"6a854349-92f2-441b-89ab-8f8a67a798a8", "isDeleted:":"true", "version":"1683110958423"}}
{"logTime": "0505/164742", "correlationVector":"8uJe93E0pFG6gUuR/gjXoO.33","action":"GetUpdates", "result":"DeleteReceived", "context":{"id":"aa619474-265d-4228-a070-e594e9f371c0", "isDeleted:":"true", "version":"1683110958424"}}
{"logTime": "0505/164742", "correlationVector":"8uJe93E0pFG6gUuR/gjXoO.34","action":"GetUpdates", "result":"DeleteReceived", "context":{"id":"46b5c639-f555-45c3-875b-aa78d07c62d9", "isDeleted:":"true", "version":"1683111991885"}}
{"logTime": "0505/164742", "correlationVector":"8uJe93E0pFG6gUuR/gjXoO.35","action":"GetUpdates", "result":"DeleteReceived", "context":{"id":"a0702eca-3626-430e-981d-eab10e116e76", "isDeleted:":"true", "version":"1683113659492"}}
{"logTime": "0505/164742", "correlationVector":"8uJe93E0pFG6gUuR/gjXoO.36","action":"GetUpdates", "result":"DeleteReceived", "context":{"id":"7156223f-bc0a-48b3-927e-2921f49366c9", "isDeleted:":"true", "version":"1683114248051"}}
{"logTime": "0505/164742", "correlationVector":"8uJe93E0pFG6gUuR/gjXoO.37","action":"GetUpdates", "result":"DeleteReceived", "context":{"id":"71a061f6-88dd-4f69-aca8-e3b212157fbb", "isDeleted:":"true", "version":"1683114311083"}}
{"logTime": "0505/164742", "correlationVector":"8uJe93E0pFG6gUuR/gjXoO.38","action":"GetUpdates", "result":"DeleteReceived", "context":{"id":"1debd536-3ee5-4f9b-8edc-7aaf461a4161", "isDeleted:":"true", "version":"1683114754320"}}
{"logTime": "0505/164742", "correlationVector":"8uJe93E0pFG6gUuR/gjXoO.39","action":"GetUpdates", "result":"DeleteReceived", "context":{"id":"d57713f0-e634-45a2-bb33-ee665ceb7fc4", "isDeleted:":"true", "version":"1683114754321"}}
{"logTime": "0505/164742", "correlationVector":"8uJe93E0pFG6gUuR/gjXoO.40","action":"GetUpdates", "result":"DeleteReceived", "context":{"id":"7473ab14-300b-4740-8bb3-0660b69d795c", "isDeleted:":"true", "version":"1683116874343"}}
{"logTime": "0505/164742", "correlationVector":"8uJe93E0pFG6gUuR/gjXoO.41","action":"GetUpdates", "result":"DeleteReceived", "context":{"id":"3badd0c9-c921-4a44-9779-1babb824ae56", "isDeleted:":"true", "version":"1683116874345"}}
{"logTime": "0505/164742", "correlationVector":"8uJe93E0pFG6gUuR/gjXoO.42","action":"GetUpdates", "result":"DeleteReceived", "context":{"id":"c4bbe9d6-140c-46b5-a61b-f6f207e97d77", "isDeleted:":"true", "version":"1683117535314"}}
{"logTime": "0505/164742", "correlationVector":"8uJe93E0pFG6gUuR/gjXoO.43","action":"GetUpdates", "result":"DeleteReceived", "context":{"id":"7af15570-4543-48df-bd8e-4aaed261f0bd", "isDeleted:":"true", "version":"1683117738947"}}
{"logTime": "0505/164742", "correlationVector":"8uJe93E0pFG6gUuR/gjXoO.44","action":"GetUpdates", "result":"DeleteReceived", "context":{"id":"a518b825-686d-4d8e-a426-bafece7ff001", "isDeleted:":"true", "version":"1683117738948"}}
{"logTime": "0505/164742", "correlationVector":"8uJe93E0pFG6gUuR/gjXoO.45","action":"GetUpdates", "result":"DeleteReceived", "context":{"id":"05c5e7f9-5b92-45f0-9b91-3097ae5f54b5", "isDeleted:":"true", "version":"1683117738949"}}
{"logTime": "0505/164742", "correlationVector":"8uJe93E0pFG6gUuR/gjXoO.46","action":"GetUpdates", "result":"DeleteReceived", "context":{"id":"82779623-01b1-4bb8-93b3-eb41ad98b787", "isDeleted:":"true", "version":"1683117822246"}}
{"logTime": "0505/164742", "correlationVector":"8uJe93E0pFG6gUuR/gjXoO.47","action":"GetUpdates", "result":"DeleteReceived", "context":{"id":"9b5afeca-d4dc-420e-8e6b-83e5b49429e0", "isDeleted:":"true", "version":"1683118908330"}}
{"logTime": "0505/164742", "correlationVector":"8uJe93E0pFG6gUuR/gjXoO.48","action":"GetUpdates", "result":"DeleteReceived", "context":{"id":"916fdf63-c485-46f0-a0db-a3b743a6d093", "isDeleted:":"true", "version":"1683126387433"}}
{"logTime": "0505/164742", "correlationVector":"8uJe93E0pFG6gUuR/gjXoO.49","action":"GetUpdates", "result":"DeleteReceived", "context":{"id":"c6e8b4ab-c088-4e45-9b43-f2d5c1f36bb1", "isDeleted:":"true", "version":"1683127562578"}}
{"logTime": "0505/164743", "correlationVector":"8uJe93E0pFG6gUuR/gjXoO.50","action":"GetUpdates", "result":"DeleteReceived", "context":{"id":"f420fee2-09a0-454c-91d7-98c243ccc2d7", "isDeleted:":"true", "version":"1683127562579"}}
{"logTime": "0505/164743", "correlationVector":"8uJe93E0pFG6gUuR/gjXoO.51","action":"GetUpdates", "result":"DeleteReceived", "context":{"id":"4c562d34-8d2e-4c9a-9a51-ef2fbcfd12e5", "isDeleted:":"true", "version":"1683127562582"}}
{"logTime": "0505/164743", "correlationVector":"8uJe93E0pFG6gUuR/gjXoO.52","action":"GetUpdates", "result":"DeleteReceived", "context":{"id":"6109f8e3-2387-4c7b-a1dc-75cf6f6d51e7", "isDeleted:":"true", "version":"1683130440105"}}
{"logTime": "0505/164743", "correlationVector":"8uJe93E0pFG6gUuR/gjXoO.53","action":"GetUpdates", "result":"DeleteReceived", "context":{"id":"b82b0441-6ab6-4b97-9eb9-e0df1ef04fd3", "isDeleted:":"true", "version":"1683137218966"}}
{"logTime": "0505/164743", "correlationVector":"8uJe93E0pFG6gUuR/gjXoO.54","action":"GetUpdates", "result":"DeleteReceived", "context":{"id":"ea72680e-0287-4415-b35b-e4f468db0ed6", "isDeleted:":"true", "version":"1683137306728"}}
{"logTime": "0505/164743", "correlationVector":"8uJe93E0pFG6gUuR/gjXoO.55","action":"GetUpdates", "result":"DeleteReceived", "context":{"id":"1a8db19a-6e67-4855-bb1f-f6fcdea0930a", "isDeleted:":"true", "version":"1683137338214"}}
{"logTime": "0505/164743", "correlationVector":"8uJe93E0pFG6gUuR/gjXoO.56","action":"GetUpdates", "result":"DeleteReceived", "context":{"id":"e907d1c7-df88-492f-ab65-cb047dea00c4", "isDeleted:":"true", "version":"1683197514718"}}
{"logTime": "0505/164743", "correlationVector":"8uJe93E0pFG6gUuR/gjXoO.57","action":"GetUpdates", "result":"DeleteReceived", "context":{"id":"db4f5ff7-22e5-4868-be38-2fa0bff403ea", "isDeleted:":"true", "version":"1683197514721"}}
{"logTime": "0505/164743", "correlationVector":"8uJe93E0pFG6gUuR/gjXoO.58","action":"GetUpdates", "result":"DeleteReceived", "context":{"id":"38c2f819-2c72-43e0-be11-2d5e96df4bf9", "isDeleted:":"true", "version":"1683198628730"}}
{"logTime": "0505/164744", "correlationVector":"8uJe93E0pFG6gUuR/gjXoO.59","action":"GetUpdates", "result":"DeleteReceived", "context":{"id":"14e8b973-c3ed-4a6f-8bd2-f5d169c4f00a", "isDeleted:":"true", "version":"1683198821868"}}
{"logTime": "0505/164744", "correlationVector":"8uJe93E0pFG6gUuR/gjXoO.60","action":"GetUpdates", "result":"DeleteReceived", "context":{"id":"feb5d8aa-6bbf-49e6-b6f1-21ccd824d839", "isDeleted:":"true", "version":"1683198880564"}}
{"logTime": "0505/164744", "correlationVector":"8uJe93E0pFG6gUuR/gjXoO.61","action":"GetUpdates", "result":"DeleteReceived", "context":{"id":"c244f5b1-fe87-48af-8d1a-fd6d9ab0b786", "isDeleted:":"true", "version":"1683199174036"}}
{"logTime": "0505/164744", "correlationVector":"8uJe93E0pFG6gUuR/gjXoO.62","action":"GetUpdates", "result":"DeleteReceived", "context":{"id":"a47387e6-97e1-41fa-b02d-df8895cf6dae", "isDeleted:":"true", "version":"1683199629745"}}
{"logTime": "0505/164745", "correlationVector":"8uJe93E0pFG6gUuR/gjXoO.63","action":"GetUpdates", "result":"DeleteReceived", "context":{"id":"689e45aa-3371-40f9-b25e-d694e0a96b3d", "isDeleted:":"true", "version":"1683200111194"}}
{"logTime": "0505/164745", "correlationVector":"8uJe93E0pFG6gUuR/gjXoO.64","action":"GetUpdates", "result":"DeleteReceived", "context":{"id":"424c274a-3c10-45fe-9908-5b951f300f17", "isDeleted:":"true", "version":"1683200490147"}}
{"logTime": "0505/164745", "correlationVector":"8uJe93E0pFG6gUuR/gjXoO.65","action":"GetUpdates", "result":"DeleteReceived", "context":{"id":"c196d1b6-f8fb-4684-b6c8-39e23f8cdc67", "isDeleted:":"true", "version":"1683200601282"}}
{"logTime": "0505/164745", "correlationVector":"8uJe93E0pFG6gUuR/gjXoO.66","action":"GetUpdates", "result":"DeleteReceived", "context":{"id":"7eb91dcb-c415-42ef-a366-70392ed77ad8", "isDeleted:":"true", "version":"1683200601283"}}
{"logTime": "0505/164745", "correlationVector":"8uJe93E0pFG6gUuR/gjXoO.67","action":"GetUpdates", "result":"DeleteReceived", "context":{"id":"0b297a5f-a96d-4821-98c9-38015ba04f0c", "isDeleted:":"true", "version":"1683200913459"}}
{"logTime": "0505/164745", "correlationVector":"8uJe93E0pFG6gUuR/gjXoO.68","action":"GetUpdates", "result":"DeleteReceived", "context":{"id":"53c8f654-f664-4ed9-8778-92577847d378", "isDeleted:":"true", "version":"1683200913460"}}
{"logTime": "0505/164745", "correlationVector":"8uJe93E0pFG6gUuR/gjXoO.69","action":"GetUpdates", "result":"DeleteReceived", "context":{"id":"94c8a821-04bc-478d-afd6-7a34a0b28a09", "isDeleted:":"true", "version":"1683201605963"}}
{"logTime": "0505/164745", "correlationVector":"8uJe93E0pFG6gUuR/gjXoO.70","action":"GetUpdates", "result":"DeleteReceived", "context":{"id":"eb0ca33f-1277-4794-85ac-2c9db7270537", "isDeleted:":"true", "version":"1683203897278"}}
{"logTime": "0505/164745", "correlationVector":"8uJe93E0pFG6gUuR/gjXoO.71","action":"GetUpdates", "result":"DeleteReceived", "context":{"id":"5dd397dc-8441-49b9-a3e4-7192b0ce6c50", "isDeleted:":"true", "version":"1683203964021"}}
{"logTime": "0505/164745", "correlationVector":"8uJe93E0pFG6gUuR/gjXoO.72","action":"GetUpdates", "result":"DeleteReceived", "context":{"id":"5ba40198-27b5-4d6e-8843-87002d2ce247", "isDeleted:":"true", "version":"1683204025734"}}
{"logTime": "0505/164745", "correlationVector":"8uJe93E0pFG6gUuR/gjXoO.73","action":"GetUpdates", "result":"DeleteReceived", "context":{"id":"3bc7da19-64a1-41c1-9a8e-b14e033b6de3", "isDeleted:":"true", "version":"1683205114425"}}
{"logTime": "0505/164745", "correlationVector":"8uJe93E0pFG6gUuR/gjXoO.74","action":"GetUpdates", "result":"DeleteReceived", "context":{"id":"ecb2523f-bdb7-4e73-ae01-80862f207584", "isDeleted:":"true", "version":"1683206879721"}}
{"logTime": "0505/164745", "correlationVector":"8uJe93E0pFG6gUuR/gjXoO.75","action":"GetUpdates", "result":"DeleteReceived", "context":{"id":"3f356e6d-140e-4955-ab94-6820a2efcb73", "isDeleted:":"true", "version":"1683206879722"}}
{"logTime": "0505/164745", "correlationVector":"8uJe93E0pFG6gUuR/gjXoO.76","action":"GetUpdates", "result":"DeleteReceived", "context":{"id":"ff39d9b3-a0fd-4e05-9747-38b8e034792a", "isDeleted:":"true", "version":"1683206879723"}}
{"logTime": "0505/164745", "correlationVector":"8uJe93E0pFG6gUuR/gjXoO.77","action":"GetUpdates", "result":"DeleteReceived", "context":{"id":"0427f3bb-d966-49a5-bdc9-1bfe392b2600", "isDeleted:":"true", "version":"1683206879724"}}
{"logTime": "0505/164745", "correlationVector":"8uJe93E0pFG6gUuR/gjXoO.78","action":"GetUpdates", "result":"DeleteReceived", "context":{"id":"0635a057-a161-4e19-bdbf-44a61d821f65", "isDeleted:":"true", "version":"1683206879726"}}
{"logTime": "0505/164745", "correlationVector":"8uJe93E0pFG6gUuR/gjXoO.79","action":"GetUpdates", "result":"DeleteReceived", "context":{"id":"46ba2691-b6fe-4889-b694-943312fa774a", "isDeleted:":"true", "version":"1683209028368"}}
{"logTime": "0505/164745", "correlationVector":"8uJe93E0pFG6gUuR/gjXoO.80","action":"GetUpdates", "result":"DeleteReceived", "context":{"id":"9862823a-8097-446e-ad6b-c43ae5cc7294", "isDeleted:":"true", "version":"1683209028369"}}
{"logTime": "0505/164745", "correlationVector":"8uJe93E0pFG6gUuR/gjXoO.81","action":"GetUpdates", "result":"DeleteReceived", "context":{"id":"644444fa-8f47-436a-a2cc-fe039b825178", "isDeleted:":"true", "version":"1683209059338"}}
{"logTime": "0505/164745", "correlationVector":"8uJe93E0pFG6gUuR/gjXoO.82","action":"GetUpdates", "result":"DeleteReceived", "context":{"id":"1dae376e-9851-419f-8d98-06a8cd0d0eaf", "isDeleted:":"true", "version":"1683212635359"}}
{"logTime": "0505/164745", "correlationVector":"8uJe93E0pFG6gUuR/gjXoO.83","action":"GetUpdates", "result":"DeleteReceived", "context":{"id":"9c9a66c5-d267-4666-adc7-43a1d6573a24", "isDeleted:":"true", "version":"1683212635360"}}
{"logTime": "0505/164745", "correlationVector":"8uJe93E0pFG6gUuR/gjXoO.84","action":"GetUpdates", "result":"DeleteReceived", "context":{"id":"4dfe27bf-9f6f-4c82-a9c5-b3b6e1d5c599", "isDeleted:":"true", "version":"1683212635361"}}
{"logTime": "0505/164745", "correlationVector":"8uJe93E0pFG6gUuR/gjXoO.85","action":"GetUpdates Response", "result":"SERVER_MORE_TO_DOWNLOAD", "context":Received 250 update(s).  Some updates remain.}
{"logTime": "0505/164745", "correlationVector":"q43YWMRf/AwLiMvP1ClKOS","action":"Initial GetUpdates", "result":"", "context":Reason: RECONFIGURATION. cV=q43YWMRf/AwLiMvP1ClKOS}
{"logTime": "0505/164745", "correlationVector":"q43YWMRf/AwLiMvP1ClKOS.1","action":"SyncServerConnectionManagerRequest", "result":"SYNC_SERVER_OK", "context":{"environment":"Prod_EastUS_000w", "migrationStage":"NotStarted", "server":"GENERAL0100001L"}}
{"logTime": "0505/164745", "correlationVector":"q43YWMRf/AwLiMvP1ClKOS.2","action":"GetUpdates", "result":"DeleteReceived", "context":{"id":"5b35cba4-1125-44ec-8bf1-65679a5745a7", "isDeleted:":"true", "version":"1683223503607"}}
{"logTime": "0505/164745", "correlationVector":"q43YWMRf/AwLiMvP1ClKOS.3","action":"GetUpdates", "result":"DeleteReceived", "context":{"id":"55efb8e2-380d-4952-9f73-d9c2477bec9e", "isDeleted:":"true", "version":"1683284143025"}}
{"logTime": "0505/164745", "correlationVector":"q43YWMRf/AwLiMvP1ClKOS.4","action":"GetUpdates", "result":"DeleteReceived", "context":{"id":"c2121e7b-8a03-4417-a7d6-34db5cbf0f2a", "isDeleted:":"true", "version":"1683284830566"}}
{"logTime": "0505/164745", "correlationVector":"q43YWMRf/AwLiMvP1ClKOS.5","action":"GetUpdates", "result":"DeleteReceived", "context":{"id":"ea6f5fcf-7589-4b7d-aa97-dd418a43d1d2", "isDeleted:":"true", "version":"1683287668654"}}
{"logTime": "0505/164745", "correlationVector":"q43YWMRf/AwLiMvP1ClKOS.6","action":"GetUpdates", "result":"DeleteReceived", "context":{"id":"42d9bd2c-a243-4d7a-b500-6754fda32e84", "isDeleted:":"true", "version":"1683288760482"}}
{"logTime": "0505/164745", "correlationVector":"q43YWMRf/AwLiMvP1ClKOS.7","action":"GetUpdates", "result":"DeleteReceived", "context":{"id":"7ae2e941-94f1-4247-9e6e-320dca180b81", "isDeleted:":"true", "version":"1683289094950"}}
{"logTime": "0505/164745", "correlationVector":"q43YWMRf/AwLiMvP1ClKOS.8","action":"GetUpdates", "result":"DeleteReceived", "context":{"id":"dc61c042-216e-4c1f-933c-fb30153eaabc", "isDeleted:":"true", "version":"1683290712317"}}
{"logTime": "0505/164745", "correlationVector":"q43YWMRf/AwLiMvP1ClKOS.9","action":"GetUpdates", "result":"DeleteReceived", "context":{"id":"17c280f9-f453-4d06-8a21-1abe7780e078", "isDeleted:":"true", "version":"1683290992749"}}
{"logTime": "0505/164745", "correlationVector":"q43YWMRf/AwLiMvP1ClKOS.10","action":"GetUpdates", "result":"DeleteReceived", "context":{"id":"baa4834d-cf8b-4d47-bc88-1dee1b652905", "isDeleted:":"true", "version":"1683290992752"}}
{"logTime": "0505/164745", "correlationVector":"q43YWMRf/AwLiMvP1ClKOS.11","action":"GetUpdates", "result":"DeleteReceived", "context":{"id":"784b22e5-2fbd-436e-94bb-537d353937b1", "isDeleted:":"true", "version":"1683291213141"}}
{"logTime": "0505/164745", "correlationVector":"q43YWMRf/AwLiMvP1ClKOS.12","action":"GetUpdates", "result":"DeleteReceived", "context":{"id":"171bf965-941e-4c19-96d7-b76070e669ae", "isDeleted:":"true", "version":"1683298188017"}}
{"logTime": "0505/164745", "correlationVector":"q43YWMRf/AwLiMvP1ClKOS.13","action":"GetUpdates", "result":"DeleteReceived", "context":{"id":"eb63b449-2fc5-4183-b607-1b9f74f5ac62", "isDeleted:":"true", "version":"1683298188018"}}
{"logTime": "0505/164745", "correlationVector":"q43YWMRf/AwLiMvP1ClKOS.14","action":"GetUpdates", "result":"DeleteReceived", "context":{"id":"94080ba3-76fe-4186-80bb-f305658aea33", "isDeleted:":"true", "version":"1683298586365"}}
{"logTime": "0505/164745", "correlationVector":"q43YWMRf/AwLiMvP1ClKOS.15","action":"GetUpdates", "result":"DeleteReceived", "context":{"id":"99e69800-c65e-4be6-beeb-cc04b7b950b2", "isDeleted:":"true", "version":"1683299696971"}}
{"logTime": "0505/164745", "correlationVector":"q43YWMRf/AwLiMvP1ClKOS.16","action":"GetUpdates", "result":"DeleteReceived", "context":{"id":"dbe63d79-0d71-4e6f-8489-2c1a8f907680", "isDeleted:":"true", "version":"1683300084070"}}
{"logTime": "0505/164745", "correlationVector":"q43YWMRf/AwLiMvP1ClKOS.17","action":"GetUpdates", "result":"DeleteReceived", "context":{"id":"5c6d6fe5-a189-4dd6-90dc-28fe65463367", "isDeleted:":"true", "version":"1683300269403"}}
{"logTime": "0505/164745", "correlationVector":"q43YWMRf/AwLiMvP1ClKOS.18","action":"GetUpdates", "result":"DeleteReceived", "context":{"id":"c82f856f-d52f-4410-826e-ca0d0064afbc", "isDeleted:":"true", "version":"1683300392006"}}
{"logTime": "0505/164745", "correlationVector":"q43YWMRf/AwLiMvP1ClKOS.19","action":"GetUpdates", "result":"DeleteReceived", "context":{"id":"c2da02c0-4a6b-487f-bf7b-af84da13a523", "isDeleted:":"true", "version":"1683300392008"}}
{"logTime": "0505/164745", "correlationVector":"q43YWMRf/AwLiMvP1ClKOS.20","action":"GetUpdates", "result":"DeleteReceived", "context":{"id":"48ca0a7f-12d2-4467-99b9-ba86aa3f230d", "isDeleted:":"true", "version":"1683300519791"}}
{"logTime": "0505/164745", "correlationVector":"q43YWMRf/AwLiMvP1ClKOS.21","action":"GetUpdates Response", "result":"SYNCER_OK", "context":Received 47 update(s). cV=q43YWMRf/AwLiMvP1ClKOS.0;server=GENERAL0100001L;cloudType=Multitenant;environment=Prod_EastUS_000w;migrationStage=NotStarted}
{"logTime": "0505/164745", "correlationVector":"PUJQduPqrG3SWRZ1s6ZPOf","action":"Normal GetUpdate request", "result":"", "context":cV=PUJQduPqrG3SWRZ1s6ZPOf
Nudged types: Passwords, Typed URLs, Sessions, Device Info, User Consents
Refresh requested types: Bookmarks, Preferences, Passwords, Autofill Profiles, Autofill, Autofill Custom Data, Typed URLs, Extensions, Sessions, Extension settings, History Delete Directives, Device Info, User Consents, Send Tab To Self, Web Apps, Collection, Edge E Drop, Encryption Keys}
{"logTime": "0505/164745", "correlationVector":"PUJQduPqrG3SWRZ1s6ZPOf.1","action":"SyncServerConnectionManagerRequest", "result":"SYNC_SERVER_OK", "context":{"environment":"Prod_EastUS_000w", "migrationStage":"NotStarted", "server":"GENERAL0100000C"}}
{"logTime": "0505/164745", "correlationVector":"PUJQduPqrG3SWRZ1s6ZPOf.2","action":"GetUpdates Response", "result":"SYNCER_OK", "context":Received 0 update(s). cV=PUJQduPqrG3SWRZ1s6ZPOf.0;server=GENERAL0100000C;cloudType=Multitenant;environment=Prod_EastUS_000w;migrationStage=NotStarted}
{"logTime": "0505/164745", "correlationVector":"VHog8HSEs5V+kWcyZqMNI9","action":"Commit Request", "result":"", "context":Item count: 1
Contributing types: Device Info}
{"logTime": "0505/164746", "correlationVector":"VHog8HSEs5V+kWcyZqMNI9.1","action":"SyncServerConnectionManagerRequest", "result":"SYNC_SERVER_OK", "context":{"environment":"Prod_EastUS_000w", "migrationStage":"NotStarted", "server":"GENERAL01000016"}}
{"logTime": "0505/164746", "correlationVector":"VHog8HSEs5V+kWcyZqMNI9.2","action":"Commit Response", "result":"SYNCER_OK", "context":Result: SYNCER_OK. cV=VHog8HSEs5V+kWcyZqMNI9.0;server=GENERAL01000016;cloudType=Multitenant;environment=Prod_EastUS_000w;migrationStage=NotStarted}
{"logTime": "0505/164746", "correlationVector":"ikSEuTPx+CSYWmh3QeNuqD","action":"Commit Request", "result":"", "context":Item count: 11
Contributing types: Passwords, Typed URLs, Sessions, User Consents}
{"logTime": "0505/164746", "correlationVector":"ikSEuTPx+CSYWmh3QeNuqD.1","action":"SyncServerConnectionManagerRequest", "result":"SYNC_SERVER_OK", "context":{"environment":"Prod_EastUS_000w", "migrationStage":"NotStarted", "server":"GENERAL0100000W"}}
{"logTime": "0505/164746", "correlationVector":"ikSEuTPx+CSYWmh3QeNuqD.2","action":"Commit Response", "result":"SYNCER_OK", "context":Result: SYNCER_OK. cV=ikSEuTPx+CSYWmh3QeNuqD.0;server=GENERAL0100000W;cloudType=Multitenant;environment=Prod_EastUS_000w;migrationStage=NotStarted}
{"logTime": "0505/164815", "correlationVector":"AsVFLIiCg/mPcu4JN9wMoD","action":"Commit Request", "result":"", "context":Item count: 20
Contributing types: Passwords}
{"logTime": "0505/164817", "correlationVector":"AsVFLIiCg/mPcu4JN9wMoD.1","action":"SyncServerConnectionManagerRequest", "result":"SYNC_SERVER_OK", "context":{"environment":"Prod_EastUS2_000e", "migrationStage":"NotStarted", "server":"general0100002X"}}
{"logTime": "0505/164817", "correlationVector":"AsVFLIiCg/mPcu4JN9wMoD.2","action":"Commit Response", "result":"SYNCER_OK", "context":Result: SYNCER_OK. cV=AsVFLIiCg/mPcu4JN9wMoD.0;server=general0100002X;cloudType=Multitenant;environment=Prod_EastUS2_000e;migrationStage=NotStarted}
{"logTime": "0505/164817", "correlationVector":"o3/wlF6pbQtF29HwgovEXY","action":"Commit Request", "result":"", "context":Item count: 1
Contributing types: Passwords}
{"logTime": "0505/164818", "correlationVector":"o3/wlF6pbQtF29HwgovEXY.1","action":"SyncServerConnectionManagerRequest", "result":"SYNC_SERVER_OK", "context":{"environment":"Prod_EastUS2_000e", "migrationStage":"NotStarted", "server":"GENERAL01000019"}}
{"logTime": "0505/164818", "correlationVector":"o3/wlF6pbQtF29HwgovEXY.2","action":"Commit Response", "result":"SYNCER_OK", "context":Result: SYNCER_OK. cV=o3/wlF6pbQtF29HwgovEXY.0;server=GENERAL01000019;cloudType=Multitenant;environment=Prod_EastUS2_000e;migrationStage=NotStarted}
{"logTime": "0505/164821", "correlationVector":"nCkehY56oCNC57X4wqb8PK","action":"Normal GetUpdate request", "result":"", "context":cV=nCkehY56oCNC57X4wqb8PK
Notified types: Typed URLs}
{"logTime": "0505/164823", "correlationVector":"nCkehY56oCNC57X4wqb8PK.1","action":"SyncServerConnectionManagerRequest", "result":"SYNC_SERVER_OK", "context":{"environment":"Prod_EastUS_000w", "migrationStage":"NotStarted", "server":"GENERAL0100000O"}}
{"logTime": "0505/164823", "correlationVector":"nCkehY56oCNC57X4wqb8PK.2","action":"GetUpdates Response", "result":"SERVER_MORE_TO_DOWNLOAD", "context":Received 250 update(s).  Some updates remain.}
{"logTime": "0505/164823", "correlationVector":"1NIHoy/ryOtOMWnJO+FnGN","action":"Normal GetUpdate request", "result":"", "context":cV=1NIHoy/ryOtOMWnJO+FnGN
Notified types: Typed URLs}
{"logTime": "0505/164824", "correlationVector":"1NIHoy/ryOtOMWnJO+FnGN.1","action":"SyncServerConnectionManagerRequest", "result":"SYNC_SERVER_OK", "context":{"environment":"Prod_EastUS_000w", "migrationStage":"NotStarted", "server":"GENERAL01000019"}}
{"logTime": "0505/164824", "correlationVector":"1NIHoy/ryOtOMWnJO+FnGN.2","action":"GetUpdates", "result":"DeleteReceived", "context":{"id":"e62b216d-6d2d-474c-b3f9-b6b593a2436d", "isDeleted:":"true", "version":"1683026389197"}}
{"logTime": "0505/164824", "correlationVector":"1NIHoy/ryOtOMWnJO+FnGN.3","action":"GetUpdates", "result":"DeleteReceived", "context":{"id":"777b790f-aa31-49a6-bd4c-175013580aac", "isDeleted:":"true", "version":"1682968548182"}}
{"logTime": "0505/164824", "correlationVector":"1NIHoy/ryOtOMWnJO+FnGN.4","action":"GetUpdates", "result":"DeleteReceived", "context":{"id":"758ee334-ee7d-465f-b296-508683f58a8c", "isDeleted:":"true", "version":"1682968548183"}}
{"logTime": "0505/164824", "correlationVector":"1NIHoy/ryOtOMWnJO+FnGN.5","action":"GetUpdates", "result":"DeleteReceived", "context":{"id":"52488b0a-e573-4abd-8e38-6bda18d586fc", "isDeleted:":"true", "version":"1682968548186"}}
{"logTime": "0505/164824", "correlationVector":"1NIHoy/ryOtOMWnJO+FnGN.6","action":"GetUpdates", "result":"DeleteReceived", "context":{"id":"23ecd91f-aca3-47e5-ba27-75cfc3016ce0", "isDeleted:":"true", "version":"1683024928466"}}
{"logTime": "0505/164824", "correlationVector":"1NIHoy/ryOtOMWnJO+FnGN.7","action":"GetUpdates", "result":"DeleteReceived", "context":{"id":"bc7f3414-0681-4eaa-b5f7-c42215318406", "isDeleted:":"true", "version":"1683026865222"}}
{"logTime": "0505/164824", "correlationVector":"1NIHoy/ryOtOMWnJO+FnGN.8","action":"GetUpdates", "result":"DeleteReceived", "context":{"id":"afd2804a-bec6-4093-8fde-d6447adca775", "isDeleted:":"true", "version":"1683027523432"}}
{"logTime": "0505/164824", "correlationVector":"1NIHoy/ryOtOMWnJO+FnGN.9","action":"GetUpdates", "result":"DeleteReceived", "context":{"id":"5ecfb5b2-773e-41a5-9bc0-47bafc7a1c1b", "isDeleted:":"true", "version":"1683027712629"}}
{"logTime": "0505/164824", "correlationVector":"1NIHoy/ryOtOMWnJO+FnGN.10","action":"GetUpdates", "result":"DeleteReceived", "context":{"id":"41a3f87a-c96f-4e16-a8fd-f7d4cf63bdfb", "isDeleted:":"true", "version":"1683027753893"}}
{"logTime": "0505/164824", "correlationVector":"1NIHoy/ryOtOMWnJO+FnGN.11","action":"GetUpdates", "result":"DeleteReceived", "context":{"id":"0c8b2641-3e2f-4c58-b454-9bf35a54a9a5", "isDeleted:":"true", "version":"1683029584446"}}
{"logTime": "0505/164824", "correlationVector":"1NIHoy/ryOtOMWnJO+FnGN.12","action":"GetUpdates", "result":"DeleteReceived", "context":{"id":"7a5d5c11-5cdf-4551-a7ea-678bee998503", "isDeleted:":"true", "version":"1683029763756"}}
{"logTime": "0505/164824", "correlationVector":"1NIHoy/ryOtOMWnJO+FnGN.13","action":"GetUpdates", "result":"DeleteReceived", "context":{"id":"c31f3731-07d4-47cb-bb88-ad36a59eccfa", "isDeleted:":"true", "version":"1683029807530"}}
{"logTime": "0505/164824", "correlationVector":"1NIHoy/ryOtOMWnJO+FnGN.14","action":"GetUpdates", "result":"DeleteReceived", "context":{"id":"489d7826-c71e-40c1-a40c-53c90fffb633", "isDeleted:":"true", "version":"1683030284219"}}
{"logTime": "0505/164824", "correlationVector":"1NIHoy/ryOtOMWnJO+FnGN.15","action":"GetUpdates", "result":"DeleteReceived", "context":{"id":"7a95fe9e-4898-4c13-91bb-4da50503817e", "isDeleted:":"true", "version":"1683030421058"}}
{"logTime": "0505/164824", "correlationVector":"1NIHoy/ryOtOMWnJO+FnGN.16","action":"GetUpdates", "result":"DeleteReceived", "context":{"id":"035a1d76-92ab-44bf-badc-75c14665bd8a", "isDeleted:":"true", "version":"1683030511433"}}
{"logTime": "0505/164824", "correlationVector":"1NIHoy/ryOtOMWnJO+FnGN.17","action":"GetUpdates", "result":"DeleteReceived", "context":{"id":"ee55c0d7-778b-4aa1-a18f-5354c8da14fa", "isDeleted:":"true", "version":"1683030513666"}}
{"logTime": "0505/164824", "correlationVector":"1NIHoy/ryOtOMWnJO+FnGN.18","action":"GetUpdates", "result":"DeleteReceived", "context":{"id":"e3ac88e7-fb0f-43d5-80bd-20fb619cdf62", "isDeleted:":"true", "version":"1683030513667"}}
{"logTime": "0505/164824", "correlationVector":"1NIHoy/ryOtOMWnJO+FnGN.19","action":"GetUpdates", "result":"DeleteReceived", "context":{"id":"a0ad48e3-3acd-4130-95b5-f168bf09da70", "isDeleted:":"true", "version":"1683030828977"}}
{"logTime": "0505/164824", "correlationVector":"1NIHoy/ryOtOMWnJO+FnGN.20","action":"GetUpdates", "result":"DeleteReceived", "context":{"id":"70b69553-3e9a-4478-bcfd-5feabb0e589b", "isDeleted:":"true", "version":"1683030867184"}}
{"logTime": "0505/164824", "correlationVector":"1NIHoy/ryOtOMWnJO+FnGN.21","action":"GetUpdates", "result":"DeleteReceived", "context":{"id":"b697da5d-fc99-4462-9b7e-6b74c67c6c14", "isDeleted:":"true", "version":"1683030872547"}}
{"logTime": "0505/164824", "correlationVector":"1NIHoy/ryOtOMWnJO+FnGN.22","action":"GetUpdates", "result":"DeleteReceived", "context":{"id":"dcf69429-f046-4db0-8029-b6d36d1932d2", "isDeleted:":"true", "version":"1683031237781"}}
{"logTime": "0505/164824", "correlationVector":"1NIHoy/ryOtOMWnJO+FnGN.23","action":"GetUpdates", "result":"DeleteReceived", "context":{"id":"8bc3cec9-d4eb-4922-8c68-54f41d83c133", "isDeleted:":"true", "version":"1683031872774"}}
{"logTime": "0505/164824", "correlationVector":"1NIHoy/ryOtOMWnJO+FnGN.24","action":"GetUpdates", "result":"DeleteReceived", "context":{"id":"f5c0366e-1838-41f2-bc25-6938e05ea642", "isDeleted:":"true", "version":"1683032035527"}}
{"logTime": "0505/164824", "correlationVector":"1NIHoy/ryOtOMWnJO+FnGN.25","action":"GetUpdates", "result":"DeleteReceived", "context":{"id":"9b8fd5fd-7f65-4016-b848-eecd5995fa6b", "isDeleted:":"true", "version":"1683033050260"}}
{"logTime": "0505/164824", "correlationVector":"1NIHoy/ryOtOMWnJO+FnGN.26","action":"GetUpdates", "result":"DeleteReceived", "context":{"id":"cdf6e34e-6ff9-4039-9be7-071e5858ca42", "isDeleted:":"true", "version":"1683035824805"}}
{"logTime": "0505/164824", "correlationVector":"1NIHoy/ryOtOMWnJO+FnGN.27","action":"GetUpdates", "result":"DeleteReceived", "context":{"id":"7f9023d2-908c-4d5b-9f36-0c9b806d478b", "isDeleted:":"true", "version":"1683045405988"}}
{"logTime": "0505/164824", "correlationVector":"1NIHoy/ryOtOMWnJO+FnGN.28","action":"GetUpdates", "result":"DeleteReceived", "context":{"id":"09ad8bfa-c12e-4500-bbec-735d03a63d4e", "isDeleted:":"true", "version":"1683046581264"}}
{"logTime": "0505/164824", "correlationVector":"1NIHoy/ryOtOMWnJO+FnGN.29","action":"GetUpdates", "result":"DeleteReceived", "context":{"id":"4e42e6c0-8ee4-4de5-a798-65ea31bc98fd", "isDeleted:":"true", "version":"1683046991139"}}
{"logTime": "0505/164824", "correlationVector":"1NIHoy/ryOtOMWnJO+FnGN.30","action":"GetUpdates", "result":"DeleteReceived", "context":{"id":"0f6f19d8-7335-4194-97d4-1e81574e199b", "isDeleted:":"true", "version":"1683047502414"}}
{"logTime": "0505/164824", "correlationVector":"1NIHoy/ryOtOMWnJO+FnGN.31","action":"GetUpdates", "result":"DeleteReceived", "context":{"id":"53a695e8-49f0-47c1-bf10-c4833e7cb005", "isDeleted:":"true", "version":"1683050189522"}}
{"logTime": "0505/164824", "correlationVector":"1NIHoy/ryOtOMWnJO+FnGN.32","action":"GetUpdates", "result":"DeleteReceived", "context":{"id":"44cad804-f427-46ad-8b3e-d3083a57d86c", "isDeleted:":"true", "version":"1683051044647"}}
{"logTime": "0505/164824", "correlationVector":"1NIHoy/ryOtOMWnJO+FnGN.33","action":"GetUpdates", "result":"DeleteReceived", "context":{"id":"6a854349-92f2-441b-89ab-8f8a67a798a8", "isDeleted:":"true", "version":"1683110958423"}}
{"logTime": "0505/164824", "correlationVector":"1NIHoy/ryOtOMWnJO+FnGN.34","action":"GetUpdates", "result":"DeleteReceived", "context":{"id":"aa619474-265d-4228-a070-e594e9f371c0", "isDeleted:":"true", "version":"1683110958424"}}
{"logTime": "0505/164824", "correlationVector":"1NIHoy/ryOtOMWnJO+FnGN.35","action":"GetUpdates", "result":"DeleteReceived", "context":{"id":"46b5c639-f555-45c3-875b-aa78d07c62d9", "isDeleted:":"true", "version":"1683111991885"}}
{"logTime": "0505/164824", "correlationVector":"1NIHoy/ryOtOMWnJO+FnGN.36","action":"GetUpdates", "result":"DeleteReceived", "context":{"id":"a0702eca-3626-430e-981d-eab10e116e76", "isDeleted:":"true", "version":"1683113659492"}}
{"logTime": "0505/164824", "correlationVector":"1NIHoy/ryOtOMWnJO+FnGN.37","action":"GetUpdates", "result":"DeleteReceived", "context":{"id":"7156223f-bc0a-48b3-927e-2921f49366c9", "isDeleted:":"true", "version":"1683114248051"}}
{"logTime": "0505/164824", "correlationVector":"1NIHoy/ryOtOMWnJO+FnGN.38","action":"GetUpdates", "result":"DeleteReceived", "context":{"id":"71a061f6-88dd-4f69-aca8-e3b212157fbb", "isDeleted:":"true", "version":"1683114311083"}}
{"logTime": "0505/164824", "correlationVector":"1NIHoy/ryOtOMWnJO+FnGN.39","action":"GetUpdates", "result":"DeleteReceived", "context":{"id":"1debd536-3ee5-4f9b-8edc-7aaf461a4161", "isDeleted:":"true", "version":"1683114754320"}}
{"logTime": "0505/164824", "correlationVector":"1NIHoy/ryOtOMWnJO+FnGN.40","action":"GetUpdates", "result":"DeleteReceived", "context":{"id":"d57713f0-e634-45a2-bb33-ee665ceb7fc4", "isDeleted:":"true", "version":"1683114754321"}}
{"logTime": "0505/164824", "correlationVector":"1NIHoy/ryOtOMWnJO+FnGN.41","action":"GetUpdates", "result":"DeleteReceived", "context":{"id":"7473ab14-300b-4740-8bb3-0660b69d795c", "isDeleted:":"true", "version":"1683116874343"}}
{"logTime": "0505/164824", "correlationVector":"1NIHoy/ryOtOMWnJO+FnGN.42","action":"GetUpdates", "result":"DeleteReceived", "context":{"id":"3badd0c9-c921-4a44-9779-1babb824ae56", "isDeleted:":"true", "version":"1683116874345"}}
{"logTime": "0505/164824", "correlationVector":"1NIHoy/ryOtOMWnJO+FnGN.43","action":"GetUpdates", "result":"DeleteReceived", "context":{"id":"c4bbe9d6-140c-46b5-a61b-f6f207e97d77", "isDeleted:":"true", "version":"1683117535314"}}
{"logTime": "0505/164824", "correlationVector":"1NIHoy/ryOtOMWnJO+FnGN.44","action":"GetUpdates", "result":"DeleteReceived", "context":{"id":"7af15570-4543-48df-bd8e-4aaed261f0bd", "isDeleted:":"true", "version":"1683117738947"}}
{"logTime": "0505/164824", "correlationVector":"1NIHoy/ryOtOMWnJO+FnGN.45","action":"GetUpdates", "result":"DeleteReceived", "context":{"id":"a518b825-686d-4d8e-a426-bafece7ff001", "isDeleted:":"true", "version":"1683117738948"}}
{"logTime": "0505/164824", "correlationVector":"1NIHoy/ryOtOMWnJO+FnGN.46","action":"GetUpdates", "result":"DeleteReceived", "context":{"id":"05c5e7f9-5b92-45f0-9b91-3097ae5f54b5", "isDeleted:":"true", "version":"1683117738949"}}
{"logTime": "0505/164824", "correlationVector":"1NIHoy/ryOtOMWnJO+FnGN.47","action":"GetUpdates", "result":"DeleteReceived", "context":{"id":"82779623-01b1-4bb8-93b3-eb41ad98b787", "isDeleted:":"true", "version":"1683117822246"}}
{"logTime": "0505/164824", "correlationVector":"1NIHoy/ryOtOMWnJO+FnGN.48","action":"GetUpdates", "result":"DeleteReceived", "context":{"id":"9b5afeca-d4dc-420e-8e6b-83e5b49429e0", "isDeleted:":"true", "version":"1683118908330"}}
{"logTime": "0505/164824", "correlationVector":"1NIHoy/ryOtOMWnJO+FnGN.49","action":"GetUpdates", "result":"DeleteReceived", "context":{"id":"916fdf63-c485-46f0-a0db-a3b743a6d093", "isDeleted:":"true", "version":"1683126387433"}}
{"logTime": "0505/164824", "correlationVector":"1NIHoy/ryOtOMWnJO+FnGN.50","action":"GetUpdates", "result":"DeleteReceived", "context":{"id":"c6e8b4ab-c088-4e45-9b43-f2d5c1f36bb1", "isDeleted:":"true", "version":"1683127562578"}}
{"logTime": "0505/164824", "correlationVector":"1NIHoy/ryOtOMWnJO+FnGN.51","action":"GetUpdates Response", "result":"SERVER_MORE_TO_DOWNLOAD", "context":Received 250 update(s).  Some updates remain.}
{"logTime": "0505/164824", "correlationVector":"phWKK+pJZo/5NyrDToXqwY","action":"Normal GetUpdate request", "result":"", "context":cV=phWKK+pJZo/5NyrDToXqwY
Notified types: Typed URLs}
{"logTime": "0505/164825", "correlationVector":"phWKK+pJZo/5NyrDToXqwY.1","action":"SyncServerConnectionManagerRequest", "result":"SYNC_SERVER_OK", "context":{"environment":"Prod_EastUS_000w", "migrationStage":"NotStarted", "server":"GENERAL0100000C"}}
{"logTime": "0505/164826", "correlationVector":"phWKK+pJZo/5NyrDToXqwY.2","action":"GetUpdates", "result":"DeleteReceived", "context":{"id":"f420fee2-09a0-454c-91d7-98c243ccc2d7", "isDeleted:":"true", "version":"1683127562579"}}
{"logTime": "0505/164826", "correlationVector":"phWKK+pJZo/5NyrDToXqwY.3","action":"GetUpdates", "result":"DeleteReceived", "context":{"id":"4c562d34-8d2e-4c9a-9a51-ef2fbcfd12e5", "isDeleted:":"true", "version":"1683127562582"}}
{"logTime": "0505/164826", "correlationVector":"phWKK+pJZo/5NyrDToXqwY.4","action":"GetUpdates", "result":"DeleteReceived", "context":{"id":"6109f8e3-2387-4c7b-a1dc-75cf6f6d51e7", "isDeleted:":"true", "version":"1683130440105"}}
{"logTime": "0505/164826", "correlationVector":"phWKK+pJZo/5NyrDToXqwY.5","action":"GetUpdates", "result":"DeleteReceived", "context":{"id":"b82b0441-6ab6-4b97-9eb9-e0df1ef04fd3", "isDeleted:":"true", "version":"1683137218966"}}
{"logTime": "0505/164826", "correlationVector":"phWKK+pJZo/5NyrDToXqwY.6","action":"GetUpdates", "result":"DeleteReceived", "context":{"id":"ea72680e-0287-4415-b35b-e4f468db0ed6", "isDeleted:":"true", "version":"1683137306728"}}
{"logTime": "0505/164826", "correlationVector":"phWKK+pJZo/5NyrDToXqwY.7","action":"GetUpdates", "result":"DeleteReceived", "context":{"id":"1a8db19a-6e67-4855-bb1f-f6fcdea0930a", "isDeleted:":"true", "version":"1683137338214"}}
{"logTime": "0505/164826", "correlationVector":"phWKK+pJZo/5NyrDToXqwY.8","action":"GetUpdates", "result":"DeleteReceived", "context":{"id":"e907d1c7-df88-492f-ab65-cb047dea00c4", "isDeleted:":"true", "version":"1683197514718"}}
{"logTime": "0505/164826", "correlationVector":"phWKK+pJZo/5NyrDToXqwY.9","action":"GetUpdates", "result":"DeleteReceived", "context":{"id":"db4f5ff7-22e5-4868-be38-2fa0bff403ea", "isDeleted:":"true", "version":"1683197514721"}}
{"logTime": "0505/164826", "correlationVector":"phWKK+pJZo/5NyrDToXqwY.10","action":"GetUpdates", "result":"DeleteReceived", "context":{"id":"38c2f819-2c72-43e0-be11-2d5e96df4bf9", "isDeleted:":"true", "version":"1683198628730"}}
{"logTime": "0505/164826", "correlationVector":"phWKK+pJZo/5NyrDToXqwY.11","action":"GetUpdates", "result":"DeleteReceived", "context":{"id":"14e8b973-c3ed-4a6f-8bd2-f5d169c4f00a", "isDeleted:":"true", "version":"1683198821868"}}
{"logTime": "0505/164826", "correlationVector":"phWKK+pJZo/5NyrDToXqwY.12","action":"GetUpdates", "result":"DeleteReceived", "context":{"id":"feb5d8aa-6bbf-49e6-b6f1-21ccd824d839", "isDeleted:":"true", "version":"1683198880564"}}
{"logTime": "0505/164826", "correlationVector":"phWKK+pJZo/5NyrDToXqwY.13","action":"GetUpdates", "result":"DeleteReceived", "context":{"id":"c244f5b1-fe87-48af-8d1a-fd6d9ab0b786", "isDeleted:":"true", "version":"1683199174036"}}
{"logTime": "0505/164826", "correlationVector":"phWKK+pJZo/5NyrDToXqwY.14","action":"GetUpdates", "result":"DeleteReceived", "context":{"id":"a47387e6-97e1-41fa-b02d-df8895cf6dae", "isDeleted:":"true", "version":"1683199629745"}}
{"logTime": "0505/164826", "correlationVector":"phWKK+pJZo/5NyrDToXqwY.15","action":"GetUpdates", "result":"DeleteReceived", "context":{"id":"689e45aa-3371-40f9-b25e-d694e0a96b3d", "isDeleted:":"true", "version":"1683200111194"}}
{"logTime": "0505/164826", "correlationVector":"phWKK+pJZo/5NyrDToXqwY.16","action":"GetUpdates", "result":"DeleteReceived", "context":{"id":"424c274a-3c10-45fe-9908-5b951f300f17", "isDeleted:":"true", "version":"1683200490147"}}
{"logTime": "0505/164826", "correlationVector":"phWKK+pJZo/5NyrDToXqwY.17","action":"GetUpdates", "result":"DeleteReceived", "context":{"id":"c196d1b6-f8fb-4684-b6c8-39e23f8cdc67", "isDeleted:":"true", "version":"1683200601282"}}
{"logTime": "0505/164826", "correlationVector":"phWKK+pJZo/5NyrDToXqwY.18","action":"GetUpdates", "result":"DeleteReceived", "context":{"id":"7eb91dcb-c415-42ef-a366-70392ed77ad8", "isDeleted:":"true", "version":"1683200601283"}}
{"logTime": "0505/164826", "correlationVector":"phWKK+pJZo/5NyrDToXqwY.19","action":"GetUpdates", "result":"DeleteReceived", "context":{"id":"0b297a5f-a96d-4821-98c9-38015ba04f0c", "isDeleted:":"true", "version":"1683200913459"}}
{"logTime": "0505/164826", "correlationVector":"phWKK+pJZo/5NyrDToXqwY.20","action":"GetUpdates", "result":"DeleteReceived", "context":{"id":"53c8f654-f664-4ed9-8778-92577847d378", "isDeleted:":"true", "version":"1683200913460"}}
{"logTime": "0505/164826", "correlationVector":"phWKK+pJZo/5NyrDToXqwY.21","action":"GetUpdates", "result":"DeleteReceived", "context":{"id":"94c8a821-04bc-478d-afd6-7a34a0b28a09", "isDeleted:":"true", "version":"1683201605963"}}
{"logTime": "0505/164826", "correlationVector":"phWKK+pJZo/5NyrDToXqwY.22","action":"GetUpdates", "result":"DeleteReceived", "context":{"id":"eb0ca33f-1277-4794-85ac-2c9db7270537", "isDeleted:":"true", "version":"1683203897278"}}
{"logTime": "0505/164826", "correlationVector":"phWKK+pJZo/5NyrDToXqwY.23","action":"GetUpdates", "result":"DeleteReceived", "context":{"id":"5dd397dc-8441-49b9-a3e4-7192b0ce6c50", "isDeleted:":"true", "version":"1683203964021"}}
{"logTime": "0505/164826", "correlationVector":"phWKK+pJZo/5NyrDToXqwY.24","action":"GetUpdates", "result":"DeleteReceived", "context":{"id":"5ba40198-27b5-4d6e-8843-87002d2ce247", "isDeleted:":"true", "version":"1683204025734"}}
{"logTime": "0505/164826", "correlationVector":"phWKK+pJZo/5NyrDToXqwY.25","action":"GetUpdates", "result":"DeleteReceived", "context":{"id":"3bc7da19-64a1-41c1-9a8e-b14e033b6de3", "isDeleted:":"true", "version":"1683205114425"}}
{"logTime": "0505/164826", "correlationVector":"phWKK+pJZo/5NyrDToXqwY.26","action":"GetUpdates", "result":"DeleteReceived", "context":{"id":"ecb2523f-bdb7-4e73-ae01-80862f207584", "isDeleted:":"true", "version":"1683206879721"}}
{"logTime": "0505/164826", "correlationVector":"phWKK+pJZo/5NyrDToXqwY.27","action":"GetUpdates", "result":"DeleteReceived", "context":{"id":"3f356e6d-140e-4955-ab94-6820a2efcb73", "isDeleted:":"true", "version":"1683206879722"}}
{"logTime": "0505/164826", "correlationVector":"phWKK+pJZo/5NyrDToXqwY.28","action":"GetUpdates", "result":"DeleteReceived", "context":{"id":"ff39d9b3-a0fd-4e05-9747-38b8e034792a", "isDeleted:":"true", "version":"1683206879723"}}
{"logTime": "0505/164826", "correlationVector":"phWKK+pJZo/5NyrDToXqwY.29","action":"GetUpdates", "result":"DeleteReceived", "context":{"id":"0427f3bb-d966-49a5-bdc9-1bfe392b2600", "isDeleted:":"true", "version":"1683206879724"}}
{"logTime": "0505/164826", "correlationVector":"phWKK+pJZo/5NyrDToXqwY.30","action":"GetUpdates", "result":"DeleteReceived", "context":{"id":"0635a057-a161-4e19-bdbf-44a61d821f65", "isDeleted:":"true", "version":"1683206879726"}}
{"logTime": "0505/164826", "correlationVector":"phWKK+pJZo/5NyrDToXqwY.31","action":"GetUpdates", "result":"DeleteReceived", "context":{"id":"46ba2691-b6fe-4889-b694-943312fa774a", "isDeleted:":"true", "version":"1683209028368"}}
{"logTime": "0505/164826", "correlationVector":"phWKK+pJZo/5NyrDToXqwY.32","action":"GetUpdates", "result":"DeleteReceived", "context":{"id":"9862823a-8097-446e-ad6b-c43ae5cc7294", "isDeleted:":"true", "version":"1683209028369"}}
{"logTime": "0505/164826", "correlationVector":"phWKK+pJZo/5NyrDToXqwY.33","action":"GetUpdates", "result":"DeleteReceived", "context":{"id":"644444fa-8f47-436a-a2cc-fe039b825178", "isDeleted:":"true", "version":"1683209059338"}}
{"logTime": "0505/164826", "correlationVector":"phWKK+pJZo/5NyrDToXqwY.34","action":"GetUpdates", "result":"DeleteReceived", "context":{"id":"1dae376e-9851-419f-8d98-06a8cd0d0eaf", "isDeleted:":"true", "version":"1683212635359"}}
{"logTime": "0505/164826", "correlationVector":"phWKK+pJZo/5NyrDToXqwY.35","action":"GetUpdates", "result":"DeleteReceived", "context":{"id":"9c9a66c5-d267-4666-adc7-43a1d6573a24", "isDeleted:":"true", "version":"1683212635360"}}
{"logTime": "0505/164826", "correlationVector":"phWKK+pJZo/5NyrDToXqwY.36","action":"GetUpdates", "result":"DeleteReceived", "context":{"id":"4dfe27bf-9f6f-4c82-a9c5-b3b6e1d5c599", "isDeleted:":"true", "version":"1683212635361"}}
{"logTime": "0505/164826", "correlationVector":"phWKK+pJZo/5NyrDToXqwY.37","action":"GetUpdates", "result":"DeleteReceived", "context":{"id":"5b35cba4-1125-44ec-8bf1-65679a5745a7", "isDeleted:":"true", "version":"1683223503607"}}
{"logTime": "0505/164826", "correlationVector":"phWKK+pJZo/5NyrDToXqwY.38","action":"GetUpdates", "result":"DeleteReceived", "context":{"id":"55efb8e2-380d-4952-9f73-d9c2477bec9e", "isDeleted:":"true", "version":"1683284143025"}}
{"logTime": "0505/164826", "correlationVector":"phWKK+pJZo/5NyrDToXqwY.39","action":"GetUpdates", "result":"DeleteReceived", "context":{"id":"c2121e7b-8a03-4417-a7d6-34db5cbf0f2a", "isDeleted:":"true", "version":"1683284830566"}}
{"logTime": "0505/164826", "correlationVector":"phWKK+pJZo/5NyrDToXqwY.40","action":"GetUpdates", "result":"DeleteReceived", "context":{"id":"ea6f5fcf-7589-4b7d-aa97-dd418a43d1d2", "isDeleted:":"true", "version":"1683287668654"}}
{"logTime": "0505/164826", "correlationVector":"phWKK+pJZo/5NyrDToXqwY.41","action":"GetUpdates", "result":"DeleteReceived", "context":{"id":"42d9bd2c-a243-4d7a-b500-6754fda32e84", "isDeleted:":"true", "version":"1683288760482"}}
{"logTime": "0505/164826", "correlationVector":"phWKK+pJZo/5NyrDToXqwY.42","action":"GetUpdates", "result":"DeleteReceived", "context":{"id":"7ae2e941-94f1-4247-9e6e-320dca180b81", "isDeleted:":"true", "version":"1683289094950"}}
{"logTime": "0505/164826", "correlationVector":"phWKK+pJZo/5NyrDToXqwY.43","action":"GetUpdates", "result":"DeleteReceived", "context":{"id":"dc61c042-216e-4c1f-933c-fb30153eaabc", "isDeleted:":"true", "version":"1683290712317"}}
{"logTime": "0505/164826", "correlationVector":"phWKK+pJZo/5NyrDToXqwY.44","action":"GetUpdates", "result":"DeleteReceived", "context":{"id":"17c280f9-f453-4d06-8a21-1abe7780e078", "isDeleted:":"true", "version":"1683290992749"}}
{"logTime": "0505/164826", "correlationVector":"phWKK+pJZo/5NyrDToXqwY.45","action":"GetUpdates", "result":"DeleteReceived", "context":{"id":"baa4834d-cf8b-4d47-bc88-1dee1b652905", "isDeleted:":"true", "version":"1683290992752"}}
{"logTime": "0505/164826", "correlationVector":"phWKK+pJZo/5NyrDToXqwY.46","action":"GetUpdates", "result":"DeleteReceived", "context":{"id":"784b22e5-2fbd-436e-94bb-537d353937b1", "isDeleted:":"true", "version":"1683291213141"}}
{"logTime": "0505/164826", "correlationVector":"phWKK+pJZo/5NyrDToXqwY.47","action":"GetUpdates", "result":"DeleteReceived", "context":{"id":"171bf965-941e-4c19-96d7-b76070e669ae", "isDeleted:":"true", "version":"1683298188017"}}
{"logTime": "0505/164826", "correlationVector":"phWKK+pJZo/5NyrDToXqwY.48","action":"GetUpdates", "result":"DeleteReceived", "context":{"id":"eb63b449-2fc5-4183-b607-1b9f74f5ac62", "isDeleted:":"true", "version":"1683298188018"}}
{"logTime": "0505/164826", "correlationVector":"phWKK+pJZo/5NyrDToXqwY.49","action":"GetUpdates", "result":"DeleteReceived", "context":{"id":"94080ba3-76fe-4186-80bb-f305658aea33", "isDeleted:":"true", "version":"1683298586365"}}
{"logTime": "0505/164826", "correlationVector":"phWKK+pJZo/5NyrDToXqwY.50","action":"GetUpdates", "result":"DeleteReceived", "context":{"id":"99e69800-c65e-4be6-beeb-cc04b7b950b2", "isDeleted:":"true", "version":"1683299696971"}}
{"logTime": "0505/164826", "correlationVector":"phWKK+pJZo/5NyrDToXqwY.51","action":"GetUpdates", "result":"DeleteReceived", "context":{"id":"dbe63d79-0d71-4e6f-8489-2c1a8f907680", "isDeleted:":"true", "version":"1683300084070"}}
{"logTime": "0505/164826", "correlationVector":"phWKK+pJZo/5NyrDToXqwY.52","action":"GetUpdates", "result":"DeleteReceived", "context":{"id":"5c6d6fe5-a189-4dd6-90dc-28fe65463367", "isDeleted:":"true", "version":"1683300269403"}}
{"logTime": "0505/164826", "correlationVector":"phWKK+pJZo/5NyrDToXqwY.53","action":"GetUpdates", "result":"DeleteReceived", "context":{"id":"c82f856f-d52f-4410-826e-ca0d0064afbc", "isDeleted:":"true", "version":"1683300392006"}}
{"logTime": "0505/164826", "correlationVector":"phWKK+pJZo/5NyrDToXqwY.54","action":"GetUpdates", "result":"DeleteReceived", "context":{"id":"c2da02c0-4a6b-487f-bf7b-af84da13a523", "isDeleted:":"true", "version":"1683300392008"}}
{"logTime": "0505/164826", "correlationVector":"phWKK+pJZo/5NyrDToXqwY.55","action":"GetUpdates", "result":"DeleteReceived", "context":{"id":"48ca0a7f-12d2-4467-99b9-ba86aa3f230d", "isDeleted:":"true", "version":"1683300519791"}}
{"logTime": "0505/164826", "correlationVector":"phWKK+pJZo/5NyrDToXqwY.56","action":"GetUpdates Response", "result":"SYNCER_OK", "context":Received 128 update(s). cV=phWKK+pJZo/5NyrDToXqwY.0;server=GENERAL0100000C;cloudType=Multitenant;environment=Prod_EastUS_000w;migrationStage=NotStarted}
{"logTime": "0505/164940", "correlationVector":"bKokk96U8EqCDbpe7SKd4/","action":"Normal GetUpdate request", "result":"", "context":cV=bKokk96U8EqCDbpe7SKd4/
Notified types: Typed URLs}
{"logTime": "0505/164940", "correlationVector":"bKokk96U8EqCDbpe7SKd4/.1","action":"SyncServerConnectionManagerRequest", "result":"SYNC_SERVER_OK", "context":{"environment":"Prod_EastUS_000w", "migrationStage":"NotStarted", "server":"GENERAL01000016"}}
{"logTime": "0505/164940", "correlationVector":"bKokk96U8EqCDbpe7SKd4/.2","action":"GetUpdates Response", "result":"SYNCER_OK", "context":Received 2 update(s). cV=bKokk96U8EqCDbpe7SKd4/.0;server=GENERAL01000016;cloudType=Multitenant;environment=Prod_EastUS_000w;migrationStage=NotStarted}
{"logTime": "0505/165207", "correlationVector":"4nNtqk0mD4nM7bWVOkx6lm","action":"Commit Request", "result":"", "context":Item count: 1
Contributing types: Sessions}
{"logTime": "0505/165208", "correlationVector":"4nNtqk0mD4nM7bWVOkx6lm.1","action":"SyncServerConnectionManagerRequest", "result":"SYNC_SERVER_OK", "context":{"environment":"Prod_EastUS2_000e", "migrationStage":"NotStarted", "server":"GENERAL0100002C"}}
{"logTime": "0505/165208", "correlationVector":"4nNtqk0mD4nM7bWVOkx6lm.2","action":"Commit Response", "result":"SYNCER_OK", "context":Result: SYNCER_OK. cV=4nNtqk0mD4nM7bWVOkx6lm.0;server=GENERAL0100002C;cloudType=Multitenant;environment=Prod_EastUS2_000e;migrationStage=NotStarted}
{"logTime": "0505/170205", "correlationVector":"6rRIkNdWIAS4pbBFfTu52A","action":"Commit Request", "result":"", "context":Item count: 2
Contributing types: Sessions}
{"logTime": "0505/170206", "correlationVector":"6rRIkNdWIAS4pbBFfTu52A.1","action":"SyncServerConnectionManagerRequest", "result":"SYNC_SERVER_OK", "context":{"environment":"Prod_EastUS2_000e", "migrationStage":"NotStarted", "server":"GENERAL0100002B"}}
{"logTime": "0505/170206", "correlationVector":"6rRIkNdWIAS4pbBFfTu52A.2","action":"Commit Response", "result":"SYNCER_OK", "context":Result: SYNCER_OK. cV=6rRIkNdWIAS4pbBFfTu52A.0;server=GENERAL0100002B;cloudType=Multitenant;environment=Prod_EastUS2_000e;migrationStage=NotStarted}
{"logTime": "0505/170308", "correlationVector":"OX20lTxbcJKTR26KNDmIFz","action":"Commit Request", "result":"", "context":Item count: 3
Contributing types: Sessions}
{"logTime": "0505/170309", "correlationVector":"OX20lTxbcJKTR26KNDmIFz.1","action":"SyncServerConnectionManagerRequest", "result":"SYNC_SERVER_OK", "context":{"environment":"Prod_EastUS2_000e", "migrationStage":"NotStarted", "server":"GENERAL01000026"}}
{"logTime": "0505/170309", "correlationVector":"OX20lTxbcJKTR26KNDmIFz.2","action":"Commit Response", "result":"SYNCER_OK", "context":Result: SYNCER_OK. cV=OX20lTxbcJKTR26KNDmIFz.0;server=GENERAL01000026;cloudType=Multitenant;environment=Prod_EastUS2_000e;migrationStage=NotStarted}
{"logTime": "0505/170340", "correlationVector":"c66ZHAX+whFTGOowVmVoQ6","action":"Commit Request", "result":"", "context":Item count: 2
Contributing types: Sessions}
{"logTime": "0505/170341", "correlationVector":"c66ZHAX+whFTGOowVmVoQ6.1","action":"SyncServerConnectionManagerRequest", "result":"SYNC_SERVER_OK", "context":{"environment":"Prod_EastUS2_000e", "migrationStage":"NotStarted", "server":"GENERAL0100001L"}}
{"logTime": "0505/170341", "correlationVector":"c66ZHAX+whFTGOowVmVoQ6.2","action":"Commit Response", "result":"SYNCER_OK", "context":Result: SYNCER_OK. cV=c66ZHAX+whFTGOowVmVoQ6.0;server=GENERAL0100001L;cloudType=Multitenant;environment=Prod_EastUS2_000e;migrationStage=NotStarted}
{"logTime": "0505/170513", "correlationVector":"tKSSuYz43J9vRR3EmAMPh0","action":"Commit Request", "result":"", "context":Item count: 3
Contributing types: Sessions}
{"logTime": "0505/170514", "correlationVector":"tKSSuYz43J9vRR3EmAMPh0.1","action":"SyncServerConnectionManagerRequest", "result":"SYNC_SERVER_OK", "context":{"environment":"Prod_EastUS_000w", "migrationStage":"NotStarted", "server":"GENERAL0100001E"}}
{"logTime": "0505/170514", "correlationVector":"tKSSuYz43J9vRR3EmAMPh0.2","action":"Commit Response", "result":"SYNCER_OK", "context":Result: SYNCER_OK. cV=tKSSuYz43J9vRR3EmAMPh0.0;server=GENERAL0100001E;cloudType=Multitenant;environment=Prod_EastUS_000w;migrationStage=NotStarted}
{"logTime": "0505/170545", "correlationVector":"X2HRHCQtlmoCB1lQQNOiL0","action":"Commit Request", "result":"", "context":Item count: 3
Contributing types: Sessions}
{"logTime": "0505/170545", "correlationVector":"X2HRHCQtlmoCB1lQQNOiL0.1","action":"SyncServerConnectionManagerRequest", "result":"SYNC_SERVER_OK", "context":{"environment":"Prod_EastUS2_000e", "migrationStage":"NotStarted", "server":"GENERAL0100000U"}}
{"logTime": "0505/170545", "correlationVector":"X2HRHCQtlmoCB1lQQNOiL0.3","action":"Commit.Sessions", "result":"Success", "context":{"id":"d2ef23fa-93db-40ce-9183-a526ecf82467", "isDeleted":"true", "size":"0", "version":"1683306314464"}}
{"logTime": "0505/170545", "correlationVector":"X2HRHCQtlmoCB1lQQNOiL0.2","action":"Commit Response", "result":"SYNCER_OK", "context":Result: SYNCER_OK. cV=X2HRHCQtlmoCB1lQQNOiL0.0;server=GENERAL0100000U;cloudType=Multitenant;environment=Prod_EastUS2_000e;migrationStage=NotStarted}
{"logTime": "0505/170618", "correlationVector":"8cUmY7M62vw+Mwvcgbo7m1","action":"Commit Request", "result":"", "context":Item count: 1
Contributing types: Sessions}
{"logTime": "0505/170619", "correlationVector":"8cUmY7M62vw+Mwvcgbo7m1.1","action":"SyncServerConnectionManagerRequest", "result":"SYNC_SERVER_OK", "context":{"environment":"Prod_EastUS2_000e", "migrationStage":"NotStarted", "server":"GENERAL0100000I"}}
{"logTime": "0505/170619", "correlationVector":"8cUmY7M62vw+Mwvcgbo7m1.2","action":"Commit Response", "result":"SYNCER_OK", "context":Result: SYNCER_OK. cV=8cUmY7M62vw+Mwvcgbo7m1.0;server=GENERAL0100000I;cloudType=Multitenant;environment=Prod_EastUS2_000e;migrationStage=NotStarted}
{"logTime": "0505/170710", "correlationVector":"NVcaWnxtnh+0h8tI27yHUT","action":"Commit Request", "result":"", "context":Item count: 4
Contributing types: Sessions}
{"logTime": "0505/170711", "correlationVector":"NVcaWnxtnh+0h8tI27yHUT.1","action":"SyncServerConnectionManagerRequest", "result":"SYNC_SERVER_OK", "context":{"environment":"Prod_EastUS2_000e", "migrationStage":"NotStarted", "server":"GENERAL0100000K"}}
{"logTime": "0505/170711", "correlationVector":"NVcaWnxtnh+0h8tI27yHUT.3","action":"Commit.Sessions", "result":"Success", "context":{"id":"8cc56b6d-1a46-4d7b-8668-e2421c741ae4", "isDeleted":"true", "size":"0", "version":"1683306378992"}}
{"logTime": "0505/170711", "correlationVector":"NVcaWnxtnh+0h8tI27yHUT.4","action":"Commit.Sessions", "result":"Success", "context":{"id":"38032632-d86f-429c-ae54-e954e7b5177a", "isDeleted":"true", "size":"0", "version":"1683306188851"}}
{"logTime": "0505/170711", "correlationVector":"NVcaWnxtnh+0h8tI27yHUT.2","action":"Commit Response", "result":"SYNCER_OK", "context":Result: SYNCER_OK. cV=NVcaWnxtnh+0h8tI27yHUT.0;server=GENERAL0100000K;cloudType=Multitenant;environment=Prod_EastUS2_000e;migrationStage=NotStarted}
{"logTime": "0505/171301", "correlationVector":"bmvEPeJnVELE6iqSV391sw","action":"Commit Request", "result":"", "context":Item count: 1
Contributing types: Sessions}
{"logTime": "0505/171301", "correlationVector":"bmvEPeJnVELE6iqSV391sw.1","action":"SyncServerConnectionManagerRequest", "result":"SYNC_SERVER_OK", "context":{"environment":"Prod_EastUS_000w", "migrationStage":"NotStarted", "server":"GENERAL0100001D"}}
{"logTime": "0505/171301", "correlationVector":"bmvEPeJnVELE6iqSV391sw.2","action":"Commit Response", "result":"SYNCER_OK", "context":Result: SYNCER_OK. cV=bmvEPeJnVELE6iqSV391sw.0;server=GENERAL0100001D;cloudType=Multitenant;environment=Prod_EastUS_000w;migrationStage=NotStarted}
{"logTime": "0505/171346", "correlationVector":"fhA24zT4FLP8aMx9gmGFIf","action":"Commit Request", "result":"", "context":Item count: 1
Contributing types: Sessions}
{"logTime": "0505/171347", "correlationVector":"fhA24zT4FLP8aMx9gmGFIf.1","action":"SyncServerConnectionManagerRequest", "result":"SYNC_SERVER_OK", "context":{"environment":"Prod_EastUS2_000e", "migrationStage":"NotStarted", "server":"GENERAL0100002R"}}
{"logTime": "0505/171347", "correlationVector":"fhA24zT4FLP8aMx9gmGFIf.2","action":"Commit Response", "result":"SYNCER_OK", "context":Result: SYNCER_OK. cV=fhA24zT4FLP8aMx9gmGFIf.0;server=GENERAL0100002R;cloudType=Multitenant;environment=Prod_EastUS2_000e;migrationStage=NotStarted}
{"logTime": "0505/171428", "correlationVector":"9h4zwhAdITN2QzoAOSoehi","action":"Commit Request", "result":"", "context":Item count: 1
Contributing types: Sessions}
{"logTime": "0505/171429", "correlationVector":"9h4zwhAdITN2QzoAOSoehi.1","action":"SyncServerConnectionManagerRequest", "result":"SYNC_SERVER_OK", "context":{"environment":"Prod_EastUS2_000e", "migrationStage":"NotStarted", "server":"general0100003B"}}
{"logTime": "0505/171429", "correlationVector":"9h4zwhAdITN2QzoAOSoehi.2","action":"Commit Response", "result":"SYNCER_OK", "context":Result: SYNCER_OK. cV=9h4zwhAdITN2QzoAOSoehi.0;server=general0100003B;cloudType=Multitenant;environment=Prod_EastUS2_000e;migrationStage=NotStarted}
{"logTime": "0505/171558", "correlationVector":"DKVX/U36Ful+NX1K0/ZpA8","action":"Commit Request", "result":"", "context":Item count: 1
Contributing types: Sessions}
{"logTime": "0505/171558", "correlationVector":"DKVX/U36Ful+NX1K0/ZpA8.1","action":"SyncServerConnectionManagerRequest", "result":"SYNC_SERVER_OK", "context":{"environment":"Prod_EastUS2_000e", "migrationStage":"NotStarted", "server":"GENERAL0100000B"}}
{"logTime": "0505/171558", "correlationVector":"DKVX/U36Ful+NX1K0/ZpA8.2","action":"Commit Response", "result":"SYNCER_OK", "context":Result: SYNCER_OK. cV=DKVX/U36Ful+NX1K0/ZpA8.0;server=GENERAL0100000B;cloudType=Multitenant;environment=Prod_EastUS2_000e;migrationStage=NotStarted}
{"logTime": "0505/171637", "correlationVector":"R6PI2FfUtbaKDvzoROD362","action":"Commit Request", "result":"", "context":Item count: 1
Contributing types: Sessions}
{"logTime": "0505/171638", "correlationVector":"R6PI2FfUtbaKDvzoROD362.1","action":"SyncServerConnectionManagerRequest", "result":"SYNC_SERVER_OK", "context":{"environment":"Prod_EastUS2_000e", "migrationStage":"NotStarted", "server":"GENERAL01000014"}}
{"logTime": "0505/171639", "correlationVector":"R6PI2FfUtbaKDvzoROD362.2","action":"Commit Response", "result":"SYNCER_OK", "context":Result: SYNCER_OK. cV=R6PI2FfUtbaKDvzoROD362.0;server=GENERAL01000014;cloudType=Multitenant;environment=Prod_EastUS2_000e;migrationStage=NotStarted}
{"logTime": "0505/171719", "correlationVector":"KGtlyGoEMVT7dx8NLiVtqK","action":"Commit Request", "result":"", "context":Item count: 1
Contributing types: Sessions}
{"logTime": "0505/171720", "correlationVector":"KGtlyGoEMVT7dx8NLiVtqK.1","action":"SyncServerConnectionManagerRequest", "result":"SYNC_SERVER_OK", "context":{"environment":"Prod_EastUS2_000e", "migrationStage":"NotStarted", "server":"GENERAL01000006"}}
{"logTime": "0505/171720", "correlationVector":"KGtlyGoEMVT7dx8NLiVtqK.2","action":"Commit Response", "result":"SYNCER_OK", "context":Result: SYNCER_OK. cV=KGtlyGoEMVT7dx8NLiVtqK.0;server=GENERAL01000006;cloudType=Multitenant;environment=Prod_EastUS2_000e;migrationStage=NotStarted}
{"logTime": "0505/171848", "correlationVector":"GHvqr3HLqRJWBnaN+pcAYw","action":"Commit Request", "result":"", "context":Item count: 1
Contributing types: Sessions}
{"logTime": "0505/171849", "correlationVector":"GHvqr3HLqRJWBnaN+pcAYw.1","action":"SyncServerConnectionManagerRequest", "result":"SYNC_SERVER_OK", "context":{"environment":"Prod_EastUS2_000e", "migrationStage":"NotStarted", "server":"general01000004"}}
{"logTime": "0505/171849", "correlationVector":"GHvqr3HLqRJWBnaN+pcAYw.2","action":"Commit Response", "result":"SYNCER_OK", "context":Result: SYNCER_OK. cV=GHvqr3HLqRJWBnaN+pcAYw.0;server=general01000004;cloudType=Multitenant;environment=Prod_EastUS2_000e;migrationStage=NotStarted}
{"logTime": "0505/172012", "correlationVector":"YtIUsE6Vb/NTbqWS/vvaaa","action":"Commit Request", "result":"", "context":Item count: 1
Contributing types: Sessions}
{"logTime": "0505/172013", "correlationVector":"YtIUsE6Vb/NTbqWS/vvaaa.1","action":"SyncServerConnectionManagerRequest", "result":"SYNC_SERVER_OK", "context":{"environment":"Prod_EastUS2_000e", "migrationStage":"NotStarted", "server":"GENERAL0100002T"}}
{"logTime": "0505/172013", "correlationVector":"YtIUsE6Vb/NTbqWS/vvaaa.2","action":"Commit Response", "result":"SYNCER_OK", "context":Result: SYNCER_OK. cV=YtIUsE6Vb/NTbqWS/vvaaa.0;server=GENERAL0100002T;cloudType=Multitenant;environment=Prod_EastUS2_000e;migrationStage=NotStarted}
{"logTime": "0505/172048", "correlationVector":"YmfV6EzefDeCi9oh62bqYi","action":"Commit Request", "result":"", "context":Item count: 1
Contributing types: Sessions}
{"logTime": "0505/172048", "correlationVector":"YmfV6EzefDeCi9oh62bqYi.1","action":"SyncServerConnectionManagerRequest", "result":"SYNC_SERVER_OK", "context":{"environment":"Prod_EastUS2_000e", "migrationStage":"NotStarted", "server":"GENERAL01000009"}}
{"logTime": "0505/172048", "correlationVector":"YmfV6EzefDeCi9oh62bqYi.2","action":"Commit Response", "result":"SYNCER_OK", "context":Result: SYNCER_OK. cV=YmfV6EzefDeCi9oh62bqYi.0;server=GENERAL01000009;cloudType=Multitenant;environment=Prod_EastUS2_000e;migrationStage=NotStarted}
{"logTime": "0505/172233", "correlationVector":"fJ/pm7xkSvC3l2gBGvCbs4","action":"Normal GetUpdate request", "result":"", "context":cV=fJ/pm7xkSvC3l2gBGvCbs4
Notified types: Typed URLs}
{"logTime": "0505/172233", "correlationVector":"fJ/pm7xkSvC3l2gBGvCbs4.1","action":"SyncServerConnectionManagerRequest", "result":"SYNC_SERVER_OK", "context":{"environment":"Prod_EastUS2_000e", "migrationStage":"NotStarted", "server":"GENERAL0100002S"}}
{"logTime": "0505/172233", "correlationVector":"fJ/pm7xkSvC3l2gBGvCbs4.2","action":"GetUpdates", "result":"DeleteReceived", "context":{"id":"d2ef23fa-93db-40ce-9183-a526ecf82467", "isDeleted:":"true", "version":"1683306345456"}}
{"logTime": "0505/172233", "correlationVector":"fJ/pm7xkSvC3l2gBGvCbs4.3","action":"GetUpdates", "result":"DeleteReceived", "context":{"id":"8cc56b6d-1a46-4d7b-8668-e2421c741ae4", "isDeleted:":"true", "version":"1683306431135"}}
{"logTime": "0505/172233", "correlationVector":"fJ/pm7xkSvC3l2gBGvCbs4.4","action":"GetUpdates", "result":"DeleteReceived", "context":{"id":"38032632-d86f-429c-ae54-e954e7b5177a", "isDeleted:":"true", "version":"1683306431136"}}
{"logTime": "0505/172233", "correlationVector":"fJ/pm7xkSvC3l2gBGvCbs4.5","action":"GetUpdates Response", "result":"SYNCER_OK", "context":Received 8 update(s). cV=fJ/pm7xkSvC3l2gBGvCbs4.0;server=GENERAL0100002S;cloudType=Multitenant;environment=Prod_EastUS2_000e;migrationStage=NotStarted}
{"logTime": "0505/174127", "correlationVector":"VIlCaznezkNDRICG0PgZ2O","action":"Normal GetUpdate request", "result":"", "context":cV=VIlCaznezkNDRICG0PgZ2O
Notified types: Typed URLs}
{"logTime": "0505/174128", "correlationVector":"VIlCaznezkNDRICG0PgZ2O.1","action":"SyncServerConnectionManagerRequest", "result":"SYNC_SERVER_OK", "context":{"environment":"Prod_EastUS2_000e", "migrationStage":"NotStarted", "server":"GENERAL0100000I"}}
{"logTime": "0505/174128", "correlationVector":"VIlCaznezkNDRICG0PgZ2O.2","action":"GetUpdates Response", "result":"SYNCER_OK", "context":Received 2 update(s). cV=VIlCaznezkNDRICG0PgZ2O.0;server=GENERAL0100000I;cloudType=Multitenant;environment=Prod_EastUS2_000e;migrationStage=NotStarted}
{"logTime": "0507/171548", "correlationVector":"6mChGGIMej75iHllwbkYVR.0","action":"FeedSettingFetch_homeCloud", "result":"0", "context":{}}
{"logTime": "0507/171548", "correlationVector":"bXvJl+/GujMTHw9cUdII4c.1","action":"SyncServerConnectionManagerRequest", "result":"SYNC_SERVER_OK", "context":{"environment":"Prod_EastUS_000w", "migrationStage":"NotStarted", "server":"GENERAL0100000D"}}
{"logTime": "0507/171548", "correlationVector":"bXvJl+/GujMTHw9cUdII4c.2","action":"AAD.Mip.Unpack", "result":"Success", "context":MIP_CLOUD_COMMERCIAL:Success}
{"logTime": "0507/171548", "correlationVector":"bXvJl+/GujMTHw9cUdII4c.3","action":"AAD.GetKeyResponse", "result":"Success", "context":Keys=2.LastKeyStatus=Normal. 2023-05-01 16:14:45 -03.State=None. Tags: Current_encryption_keys_tag = WjPvv73vv73vv70y77+977+9XQfvv73vv719yq9gZl7vv73vv70D77+9c11kLu+/vW3vv70i77+9ag==, Updated_current_encryption_keys_tag = Empty}
{"logTime": "0507/171548", "correlationVector":"bXvJl+/GujMTHw9cUdII4c","action":"Initial GetUpdates", "result":"", "context":Reason: NEW_CLIENT. cV=bXvJl+/GujMTHw9cUdII4c}
{"logTime": "0507/171548", "correlationVector":"bXvJl+/GujMTHw9cUdII4c.4","action":"GetUpdates Response", "result":"SYNCER_OK", "context":Received 1 update(s). cV=bXvJl+/GujMTHw9cUdII4c.0;server=GENERAL0100000D;cloudType=Multitenant;environment=Prod_EastUS_000w;migrationStage=NotStarted}
{"logTime": "0507/171548", "correlationVector":"rEDa1kwZyRAXsiO1cWHobp","action":"Initial GetUpdates", "result":"", "context":Reason: NEWLY_SUPPORTED_DATATYPE. cV=rEDa1kwZyRAXsiO1cWHobp}
{"logTime": "0507/171548", "correlationVector":"rEDa1kwZyRAXsiO1cWHobp.1","action":"SyncServerConnectionManagerRequest", "result":"SYNC_SERVER_OK", "context":{"environment":"Prod_EastUS_000w", "migrationStage":"NotStarted", "server":"GENERAL01000014"}}
{"logTime": "0507/171548", "correlationVector":"rEDa1kwZyRAXsiO1cWHobp.2","action":"GetUpdates", "result":"DeleteReceived", "context":{"id":"8fece7ed-9f9e-42b3-a232-cb9f602f976b", "isDeleted:":"true", "version":"1678189550830"}}
{"logTime": "0507/171548", "correlationVector":"rEDa1kwZyRAXsiO1cWHobp.3","action":"GetUpdates", "result":"DeleteReceived", "context":{"id":"7f34f07b-7840-4ca9-b4f6-2208a97d2a3d", "isDeleted:":"true", "version":"1680267432097"}}
{"logTime": "0507/171548", "correlationVector":"rEDa1kwZyRAXsiO1cWHobp.4","action":"GetUpdates", "result":"DeleteReceived", "context":{"id":"e09ffe54-980e-456f-881f-0f6944569f72", "isDeleted:":"true", "version":"1680267432098"}}
{"logTime": "0507/171548", "correlationVector":"rEDa1kwZyRAXsiO1cWHobp.5","action":"GetUpdates", "result":"DeleteReceived", "context":{"id":"bc03c6aa-fe4a-4dfa-8f9a-4625f0d8865c", "isDeleted:":"true", "version":"1680267432099"}}
{"logTime": "0507/171548", "correlationVector":"rEDa1kwZyRAXsiO1cWHobp.6","action":"GetUpdates", "result":"DeleteReceived", "context":{"id":"05f7813b-85f4-4b93-91a6-569d271c3432", "isDeleted:":"true", "version":"1680267484117"}}
{"logTime": "0507/171548", "correlationVector":"rEDa1kwZyRAXsiO1cWHobp.7","action":"GetUpdates", "result":"DeleteReceived", "context":{"id":"ffbfffa1-6370-457b-b892-28a51e59e83d", "isDeleted:":"true", "version":"1680267486863"}}
{"logTime": "0507/171548", "correlationVector":"rEDa1kwZyRAXsiO1cWHobp.8","action":"GetUpdates", "result":"DeleteReceived", "context":{"id":"7837608f-4973-4cea-8470-9b5fc05284c5", "isDeleted:":"true", "version":"1680267905694"}}
{"logTime": "0507/171548", "correlationVector":"rEDa1kwZyRAXsiO1cWHobp.9","action":"GetUpdates", "result":"DeleteReceived", "context":{"id":"b0663a7c-90b4-44ac-82f2-5a24d204bf34", "isDeleted:":"true", "version":"1680269122209"}}
{"logTime": "0507/171548", "correlationVector":"rEDa1kwZyRAXsiO1cWHobp.10","action":"GetUpdates Response", "result":"SYNCER_OK", "context":Received 48 update(s). cV=rEDa1kwZyRAXsiO1cWHobp.0;server=GENERAL01000014;cloudType=Multitenant;environment=Prod_EastUS_000w;migrationStage=NotStarted}
{"logTime": "0507/171548", "correlationVector":"Qxq7TTccbAVRT61EjCUtCu","action":"Normal GetUpdate request", "result":"", "context":cV=Qxq7TTccbAVRT61EjCUtCu
Nudged types: Sessions, Device Info, User Consents
Refresh requested types: Bookmarks, Preferences, Passwords, Autofill Profiles, Autofill, Autofill Custom Data, Typed URLs, Extensions, Sessions, Extension settings, History Delete Directives, Device Info, User Consents, Send Tab To Self, Web Apps, Collection, Edge E Drop, Encryption Keys}
{"logTime": "0507/171548", "correlationVector":"Qxq7TTccbAVRT61EjCUtCu.1","action":"SyncServerConnectionManagerRequest", "result":"SYNC_SERVER_OK", "context":{"environment":"Prod_EastUS_000w", "migrationStage":"NotStarted", "server":"GENERAL01000002"}}
{"logTime": "0507/171548", "correlationVector":"Qxq7TTccbAVRT61EjCUtCu.2","action":"GetUpdates", "result":"DeleteReceived", "context":{"id":"9f0e7cf1-7770-42a6-aeef-5fc6b4294316", "isDeleted:":"true", "version":"1683308891831"}}
{"logTime": "0507/171548", "correlationVector":"Qxq7TTccbAVRT61EjCUtCu.3","action":"GetUpdates", "result":"DeleteReceived", "context":{"id":"f57837c3-8118-4829-afad-553be38f238f", "isDeleted:":"true", "version":"1683308935607"}}
{"logTime": "0507/171548", "correlationVector":"Qxq7TTccbAVRT61EjCUtCu.4","action":"GetUpdates", "result":"DeleteReceived", "context":{"id":"abea059c-c8ce-494f-b754-490416a77e7e", "isDeleted:":"true", "version":"1683308935609"}}
{"logTime": "0507/171548", "correlationVector":"Qxq7TTccbAVRT61EjCUtCu.5","action":"GetUpdates", "result":"DeleteReceived", "context":{"id":"71352cb6-a4d3-4f80-992a-c021ab232811", "isDeleted:":"true", "version":"1683309865188"}}
{"logTime": "0507/171548", "correlationVector":"Qxq7TTccbAVRT61EjCUtCu.6","action":"GetUpdates", "result":"DeleteReceived", "context":{"id":"f08cf912-26c8-420e-96bd-f70f78893c8f", "isDeleted:":"true", "version":"1683309898915"}}
{"logTime": "0507/171548", "correlationVector":"Qxq7TTccbAVRT61EjCUtCu.7","action":"GetUpdates", "result":"DeleteReceived", "context":{"id":"c8226403-a912-4679-af04-71c95b32bcfb", "isDeleted:":"true", "version":"1683313445838"}}
{"logTime": "0507/171548", "correlationVector":"Qxq7TTccbAVRT61EjCUtCu.8","action":"GetUpdates Response", "result":"SYNCER_OK", "context":Received 16 update(s). cV=Qxq7TTccbAVRT61EjCUtCu.0;server=GENERAL01000002;cloudType=Multitenant;environment=Prod_EastUS_000w;migrationStage=NotStarted}
{"logTime": "0507/171548", "correlationVector":"Z3KSTsoLTW0GHzZy1ekiMi","action":"Commit Request", "result":"", "context":Item count: 1
Contributing types: Device Info}
{"logTime": "0507/171548", "correlationVector":"Z3KSTsoLTW0GHzZy1ekiMi.1","action":"SyncServerConnectionManagerRequest", "result":"SYNC_SERVER_OK", "context":{"environment":"Prod_EastUS_000w", "migrationStage":"NotStarted", "server":"GENERAL0100000V"}}
{"logTime": "0507/171548", "correlationVector":"Z3KSTsoLTW0GHzZy1ekiMi.2","action":"Commit Response", "result":"SYNCER_OK", "context":Result: SYNCER_OK. cV=Z3KSTsoLTW0GHzZy1ekiMi.0;server=GENERAL0100000V;cloudType=Multitenant;environment=Prod_EastUS_000w;migrationStage=NotStarted}
{"logTime": "0507/171548", "correlationVector":"UjMS5+7vy6fVS3p0S73LkC","action":"Commit Request", "result":"", "context":Item count: 4
Contributing types: Sessions, User Consents}
{"logTime": "0507/171548", "correlationVector":"UjMS5+7vy6fVS3p0S73LkC.1","action":"SyncServerConnectionManagerRequest", "result":"SYNC_SERVER_OK", "context":{"environment":"Prod_EastUS_000w", "migrationStage":"NotStarted", "server":"GENERAL0100000C"}}
{"logTime": "0507/171549", "correlationVector":"UjMS5+7vy6fVS3p0S73LkC.3","action":"Commit.Sessions", "result":"Success", "context":{"id":"9fcb025b-9aaa-4fd1-a1e8-7a466483f1db", "isDeleted":"true", "size":"0", "version":"1683307248674"}}
{"logTime": "0507/171549", "correlationVector":"UjMS5+7vy6fVS3p0S73LkC.2","action":"Commit Response", "result":"SYNCER_OK", "context":Result: SYNCER_OK. cV=UjMS5+7vy6fVS3p0S73LkC.0;server=GENERAL0100000C;cloudType=Multitenant;environment=Prod_EastUS_000w;migrationStage=NotStarted}
{"logTime": "0507/171549", "correlationVector":"W+I41IdJ6t6VY/5JUN9Q0X","action":"Normal GetUpdate request", "result":"", "context":cV=W+I41IdJ6t6VY/5JUN9Q0X
Nudged types: Sessions, Device Info}
{"logTime": "0507/171549", "correlationVector":"W+I41IdJ6t6VY/5JUN9Q0X.1","action":"SyncServerConnectionManagerRequest", "result":"SYNC_SERVER_OK", "context":{"environment":"Prod_EastUS_000w", "migrationStage":"NotStarted", "server":"GENERAL0100000Z"}}
{"logTime": "0507/171549", "correlationVector":"W+I41IdJ6t6VY/5JUN9Q0X.2","action":"GetUpdates", "result":"DeleteReceived", "context":{"id":"9fcb025b-9aaa-4fd1-a1e8-7a466483f1db", "isDeleted:":"true", "version":"1683479746481"}}
{"logTime": "0507/171549", "correlationVector":"W+I41IdJ6t6VY/5JUN9Q0X.3","action":"GetUpdates Response", "result":"SYNCER_OK", "context":Received 4 update(s). cV=W+I41IdJ6t6VY/5JUN9Q0X.0;server=GENERAL0100000Z;cloudType=Multitenant;environment=Prod_EastUS_000w;migrationStage=NotStarted}
{"logTime": "0507/171549", "correlationVector":"qhAVBRtqTkSV6KanLEXyfg","action":"Normal GetUpdate request", "result":"", "context":cV=qhAVBRtqTkSV6KanLEXyfg
Nudged types: Passwords}
{"logTime": "0507/171549", "correlationVector":"qhAVBRtqTkSV6KanLEXyfg.1","action":"SyncServerConnectionManagerRequest", "result":"SYNC_SERVER_OK", "context":{"environment":"Prod_EastUS_000w", "migrationStage":"NotStarted", "server":"GENERAL0100000N"}}
{"logTime": "0507/171549", "correlationVector":"qhAVBRtqTkSV6KanLEXyfg.2","action":"GetUpdates Response", "result":"SYNCER_OK", "context":Received 0 update(s). cV=qhAVBRtqTkSV6KanLEXyfg.0;server=GENERAL0100000N;cloudType=Multitenant;environment=Prod_EastUS_000w;migrationStage=NotStarted}
{"logTime": "0507/171549", "correlationVector":"t0h3IQNBpKCxPA7edxPgOT","action":"Commit Request", "result":"", "context":Item count: 2
Contributing types: Passwords}
{"logTime": "0507/171550", "correlationVector":"t0h3IQNBpKCxPA7edxPgOT.1","action":"SyncServerConnectionManagerRequest", "result":"SYNC_SERVER_OK", "context":{"environment":"Prod_EastUS_000w", "migrationStage":"NotStarted", "server":"GENERAL0100000O"}}
{"logTime": "0507/171550", "correlationVector":"t0h3IQNBpKCxPA7edxPgOT.3","action":"Commit.Passwords", "result":"Success", "context":{"id":"bc3d4b34-2524-4f44-8215-598a180cb0c1", "isDeleted":"true", "size":"0", "version":"1682968500967"}}
{"logTime": "0507/171550", "correlationVector":"t0h3IQNBpKCxPA7edxPgOT.2","action":"Commit Response", "result":"SYNCER_OK", "context":Result: SYNCER_OK. cV=t0h3IQNBpKCxPA7edxPgOT.0;server=GENERAL0100000O;cloudType=Multitenant;environment=Prod_EastUS_000w;migrationStage=NotStarted}
{"logTime": "0507/171551", "correlationVector":"ConipxDqSj3WZFJSdBYWMV","action":"Normal GetUpdate request", "result":"", "context":cV=ConipxDqSj3WZFJSdBYWMV
Notified types: Typed URLs}
{"logTime": "0507/171552", "correlationVector":"ConipxDqSj3WZFJSdBYWMV.1","action":"SyncServerConnectionManagerRequest", "result":"SYNC_SERVER_OK", "context":{"environment":"Prod_EastUS_000w", "migrationStage":"NotStarted", "server":"GENERAL01000015"}}
{"logTime": "0507/171552", "correlationVector":"ConipxDqSj3WZFJSdBYWMV.2","action":"GetUpdates", "result":"DeleteReceived", "context":{"id":"bc3d4b34-2524-4f44-8215-598a180cb0c1", "isDeleted:":"true", "version":"1683479751079"}}
{"logTime": "0507/171552", "correlationVector":"ConipxDqSj3WZFJSdBYWMV.3","action":"GetUpdates Response", "result":"SYNCER_OK", "context":Received 2 update(s). cV=ConipxDqSj3WZFJSdBYWMV.0;server=GENERAL01000015;cloudType=Multitenant;environment=Prod_EastUS_000w;migrationStage=NotStarted}
{"logTime": "0507/171556", "correlationVector":"X6FAbCcIDh9xGIA8t7Tnan","action":"Commit Request", "result":"", "context":Item count: 8
Contributing types: Passwords}
{"logTime": "0507/171558", "correlationVector":"X6FAbCcIDh9xGIA8t7Tnan.1","action":"SyncServerConnectionManagerRequest", "result":"SYNC_SERVER_OK", "context":{"environment":"Prod_EastUS_000w", "migrationStage":"NotStarted", "server":"GENERAL0100000G"}}
{"logTime": "0507/171558", "correlationVector":"X6FAbCcIDh9xGIA8t7Tnan.2","action":"Commit Response", "result":"SYNCER_OK", "context":Result: SYNCER_OK. cV=X6FAbCcIDh9xGIA8t7Tnan.0;server=GENERAL0100000G;cloudType=Multitenant;environment=Prod_EastUS_000w;migrationStage=NotStarted}
{"logTime": "0507/172028", "correlationVector":"MUTgUrYgwQpVtM7shLIg5M","action":"Commit Request", "result":"", "context":Item count: 1
Contributing types: Sessions}
{"logTime": "0507/172029", "correlationVector":"MUTgUrYgwQpVtM7shLIg5M.1","action":"SyncServerConnectionManagerRequest", "result":"SYNC_SERVER_OK", "context":{"environment":"Prod_EastUS2_000e", "migrationStage":"NotStarted", "server":"GENERAL01000014"}}
{"logTime": "0507/172029", "correlationVector":"MUTgUrYgwQpVtM7shLIg5M.2","action":"Commit Response", "result":"SYNCER_OK", "context":Result: SYNCER_OK. cV=MUTgUrYgwQpVtM7shLIg5M.0;server=GENERAL01000014;cloudType=Multitenant;environment=Prod_EastUS2_000e;migrationStage=NotStarted}
{"logTime": "0507/172029", "correlationVector":"YdAcX4pH/mDpf9eL1cF1Dj","action":"Poll GetUpdate request", "result":"", "context":cV=YdAcX4pH/mDpf9eL1cF1Dj}
{"logTime": "0507/172029", "correlationVector":"YdAcX4pH/mDpf9eL1cF1Dj.1","action":"SyncServerConnectionManagerRequest", "result":"SYNC_SERVER_OK", "context":{"environment":"Prod_EastUS2_000e", "migrationStage":"NotStarted", "server":"general0100002Y"}}
{"logTime": "0507/172029", "correlationVector":"YdAcX4pH/mDpf9eL1cF1Dj.2","action":"GetUpdates Response", "result":"SYNCER_OK", "context":Received 9 update(s). cV=YdAcX4pH/mDpf9eL1cF1Dj.0;server=general0100002Y;cloudType=Multitenant;environment=Prod_EastUS2_000e;migrationStage=NotStarted}
{"logTime": "0507/172121", "correlationVector":"MR9JtmS7ui1A42WkxtjAnF","action":"Commit Request", "result":"", "context":Item count: 1
Contributing types: Sessions}
{"logTime": "0507/172122", "correlationVector":"MR9JtmS7ui1A42WkxtjAnF.1","action":"SyncServerConnectionManagerRequest", "result":"SYNC_SERVER_OK", "context":{"environment":"Prod_EastUS2_000e", "migrationStage":"NotStarted", "server":"general0100002Y"}}
{"logTime": "0507/172122", "correlationVector":"MR9JtmS7ui1A42WkxtjAnF.2","action":"Commit Response", "result":"SYNCER_OK", "context":Result: SYNCER_OK. cV=MR9JtmS7ui1A42WkxtjAnF.0;server=general0100002Y;cloudType=Multitenant;environment=Prod_EastUS2_000e;migrationStage=NotStarted}
{"logTime": "0507/172303", "correlationVector":"a+8vr2tg5RemYD45sg/qTL","action":"Commit Request", "result":"", "context":Item count: 1
Contributing types: Sessions}
{"logTime": "0507/172307", "correlationVector":"a+8vr2tg5RemYD45sg/qTL.1","action":"SyncServerConnectionManagerRequest", "result":"SYNC_SERVER_OK", "context":{"environment":"Prod_EastUS2_000e", "migrationStage":"NotStarted", "server":"GENERAL0100001P"}}
{"logTime": "0507/172307", "correlationVector":"a+8vr2tg5RemYD45sg/qTL.2","action":"Commit Response", "result":"SYNCER_OK", "context":Result: SYNCER_OK. cV=a+8vr2tg5RemYD45sg/qTL.0;server=GENERAL0100001P;cloudType=Multitenant;environment=Prod_EastUS2_000e;migrationStage=NotStarted}
{"logTime": "0507/172357", "correlationVector":"/KWXjnuQvjSzsn2mdD/lqr","action":"Commit Request", "result":"", "context":Item count: 1
Contributing types: Sessions}
{"logTime": "0507/172358", "correlationVector":"/KWXjnuQvjSzsn2mdD/lqr.1","action":"SyncServerConnectionManagerRequest", "result":"SYNC_SERVER_OK", "context":{"environment":"Prod_EastUS_000w", "migrationStage":"NotStarted", "server":"GENERAL0100000F"}}
{"logTime": "0507/172358", "correlationVector":"/KWXjnuQvjSzsn2mdD/lqr.2","action":"Commit Response", "result":"SYNCER_OK", "context":Result: SYNCER_OK. cV=/KWXjnuQvjSzsn2mdD/lqr.0;server=GENERAL0100000F;cloudType=Multitenant;environment=Prod_EastUS_000w;migrationStage=NotStarted}
{"logTime": "0507/172431", "correlationVector":"M6ZcTlw9BdA5+9XETI/5he","action":"Commit Request", "result":"", "context":Item count: 1
Contributing types: Sessions}
{"logTime": "0507/172432", "correlationVector":"M6ZcTlw9BdA5+9XETI/5he.1","action":"SyncServerConnectionManagerRequest", "result":"SYNC_SERVER_OK", "context":{"environment":"Prod_EastUS_000w", "migrationStage":"NotStarted", "server":"GENERAL01000014"}}
{"logTime": "0507/172432", "correlationVector":"M6ZcTlw9BdA5+9XETI/5he.2","action":"Commit Response", "result":"SYNCER_OK", "context":Result: SYNCER_OK. cV=M6ZcTlw9BdA5+9XETI/5he.0;server=GENERAL01000014;cloudType=Multitenant;environment=Prod_EastUS_000w;migrationStage=NotStarted}
{"logTime": "0507/172526", "correlationVector":"VNIBYjl7X1K3D4A/eMo1JD","action":"Commit Request", "result":"", "context":Item count: 1
Contributing types: Sessions}
{"logTime": "0507/172526", "correlationVector":"VNIBYjl7X1K3D4A/eMo1JD.1","action":"SyncServerConnectionManagerRequest", "result":"SYNC_SERVER_OK", "context":{"environment":"Prod_EastUS_000w", "migrationStage":"NotStarted", "server":"GENERAL0100000A"}}
{"logTime": "0507/172526", "correlationVector":"VNIBYjl7X1K3D4A/eMo1JD.2","action":"Commit Response", "result":"SYNCER_OK", "context":Result: SYNCER_OK. cV=VNIBYjl7X1K3D4A/eMo1JD.0;server=GENERAL0100000A;cloudType=Multitenant;environment=Prod_EastUS_000w;migrationStage=NotStarted}
{"logTime": "0507/172620", "correlationVector":"4GLAizxZGzrB/nP0MXiM5g","action":"Commit Request", "result":"", "context":Item count: 1
Contributing types: Sessions}
{"logTime": "0507/172621", "correlationVector":"4GLAizxZGzrB/nP0MXiM5g.1","action":"SyncServerConnectionManagerRequest", "result":"SYNC_SERVER_OK", "context":{"environment":"Prod_EastUS_000w", "migrationStage":"NotStarted", "server":"GENERAL0100000M"}}
{"logTime": "0507/172621", "correlationVector":"4GLAizxZGzrB/nP0MXiM5g.2","action":"Commit Response", "result":"SYNCER_OK", "context":Result: SYNCER_OK. cV=4GLAizxZGzrB/nP0MXiM5g.0;server=GENERAL0100000M;cloudType=Multitenant;environment=Prod_EastUS_000w;migrationStage=NotStarted}
{"logTime": "0507/172811", "correlationVector":"/41iRcfVaR4959Zg6nrHN5","action":"Commit Request", "result":"", "context":Item count: 1
Contributing types: Sessions}
{"logTime": "0507/172811", "correlationVector":"/41iRcfVaR4959Zg6nrHN5.1","action":"SyncServerConnectionManagerRequest", "result":"SYNC_SERVER_OK", "context":{"environment":"Prod_EastUS_000w", "migrationStage":"NotStarted", "server":"GENERAL0100000L"}}
{"logTime": "0507/172811", "correlationVector":"/41iRcfVaR4959Zg6nrHN5.2","action":"Commit Response", "result":"SYNCER_OK", "context":Result: SYNCER_OK. cV=/41iRcfVaR4959Zg6nrHN5.0;server=GENERAL0100000L;cloudType=Multitenant;environment=Prod_EastUS_000w;migrationStage=NotStarted}
{"logTime": "0507/172952", "correlationVector":"X4dTW9e41rwLqegAOZY7TG","action":"Commit Request", "result":"", "context":Item count: 1
Contributing types: Sessions}
{"logTime": "0507/172952", "correlationVector":"X4dTW9e41rwLqegAOZY7TG.1","action":"SyncServerConnectionManagerRequest", "result":"SYNC_SERVER_OK", "context":{"environment":"Prod_EastUS_000w", "migrationStage":"NotStarted", "server":"GENERAL0100001C"}}
{"logTime": "0507/172952", "correlationVector":"X4dTW9e41rwLqegAOZY7TG.2","action":"Commit Response", "result":"SYNCER_OK", "context":Result: SYNCER_OK. cV=X4dTW9e41rwLqegAOZY7TG.0;server=GENERAL0100001C;cloudType=Multitenant;environment=Prod_EastUS_000w;migrationStage=NotStarted}
{"logTime": "0507/173042", "correlationVector":"0VB+4vyF7dfrwdEM1nQMIG","action":"Commit Request", "result":"", "context":Item count: 1
Contributing types: Sessions}
{"logTime": "0507/173043", "correlationVector":"0VB+4vyF7dfrwdEM1nQMIG.1","action":"SyncServerConnectionManagerRequest", "result":"SYNC_SERVER_OK", "context":{"environment":"Prod_EastUS_000w", "migrationStage":"NotStarted", "server":"GENERAL01000011"}}
{"logTime": "0507/173043", "correlationVector":"0VB+4vyF7dfrwdEM1nQMIG.2","action":"Commit Response", "result":"SYNCER_OK", "context":Result: SYNCER_OK. cV=0VB+4vyF7dfrwdEM1nQMIG.0;server=GENERAL01000011;cloudType=Multitenant;environment=Prod_EastUS_000w;migrationStage=NotStarted}
